<<<<<<< HEAD
ERROR - 2026-04-29 08:30:33 --> Error connecting to the database: mysqli_sql_exception: No such file or directory in /home/kenny/Documents/S4/SI/trinome/Gestion-de-Note/system/Database/MySQLi/Connection.php:201
Stack trace:
#0 /home/kenny/Documents/S4/SI/trinome/Gestion-de-Note/system/Database/MySQLi/Connection.php(201): mysqli->real_connect()
#1 /home/kenny/Documents/S4/SI/trinome/Gestion-de-Note/system/Database/BaseConnection.php(555): CodeIgniter\Database\MySQLi\Connection->connect()
#2 /home/kenny/Documents/S4/SI/trinome/Gestion-de-Note/system/Database/BaseConnection.php(795): CodeIgniter\Database\BaseConnection->initialize()
#3 /home/kenny/Documents/S4/SI/trinome/Gestion-de-Note/system/Database/BaseBuilder.php(1649): CodeIgniter\Database\BaseConnection->query()
#4 /home/kenny/Documents/S4/SI/trinome/Gestion-de-Note/system/Model.php(295): CodeIgniter\Database\BaseBuilder->get()
#5 /home/kenny/Documents/S4/SI/trinome/Gestion-de-Note/system/BaseModel.php(714): CodeIgniter\Model->doFirst()
#6 /home/kenny/Documents/S4/SI/trinome/Gestion-de-Note/app/Models/UtilisateurModel.php(31): CodeIgniter\BaseModel->first()
#7 /home/kenny/Documents/S4/SI/trinome/Gestion-de-Note/app/Controllers/Auth.php(33): App\Models\UtilisateurModel->findByEmail()
#8 /home/kenny/Documents/S4/SI/trinome/Gestion-de-Note/system/CodeIgniter.php(951): App\Controllers\Auth->loginProcess()
#9 /home/kenny/Documents/S4/SI/trinome/Gestion-de-Note/system/CodeIgniter.php(497): CodeIgniter\CodeIgniter->runController()
#10 /home/kenny/Documents/S4/SI/trinome/Gestion-de-Note/system/CodeIgniter.php(340): CodeIgniter\CodeIgniter->handleRequest()
#11 /home/kenny/Documents/S4/SI/trinome/Gestion-de-Note/system/Boot.php(417): CodeIgniter\CodeIgniter->run()
#12 /home/kenny/Documents/S4/SI/trinome/Gestion-de-Note/system/Boot.php(68): CodeIgniter\Boot::runCodeIgniter()
#13 /home/kenny/Documents/S4/SI/trinome/Gestion-de-Note/public/index.php(59): CodeIgniter\Boot::bootWeb()
#14 /home/kenny/Documents/S4/SI/trinome/Gestion-de-Note/system/rewrite.php(44): require_once('...')
#15 {main}

Next CodeIgniter\Database\Exceptions\DatabaseException: No such file or directory in /home/kenny/Documents/S4/SI/trinome/Gestion-de-Note/system/Database/MySQLi/Connection.php:231
Stack trace:
#0 /home/kenny/Documents/S4/SI/trinome/Gestion-de-Note/system/Database/BaseConnection.php(555): CodeIgniter\Database\MySQLi\Connection->connect()
#1 /home/kenny/Documents/S4/SI/trinome/Gestion-de-Note/system/Database/BaseConnection.php(795): CodeIgniter\Database\BaseConnection->initialize()
#2 /home/kenny/Documents/S4/SI/trinome/Gestion-de-Note/system/Database/BaseBuilder.php(1649): CodeIgniter\Database\BaseConnection->query()
#3 /home/kenny/Documents/S4/SI/trinome/Gestion-de-Note/system/Model.php(295): CodeIgniter\Database\BaseBuilder->get()
#4 /home/kenny/Documents/S4/SI/trinome/Gestion-de-Note/system/BaseModel.php(714): CodeIgniter\Model->doFirst()
#5 /home/kenny/Documents/S4/SI/trinome/Gestion-de-Note/app/Models/UtilisateurModel.php(31): CodeIgniter\BaseModel->first()
#6 /home/kenny/Documents/S4/SI/trinome/Gestion-de-Note/app/Controllers/Auth.php(33): App\Models\UtilisateurModel->findByEmail()
#7 /home/kenny/Documents/S4/SI/trinome/Gestion-de-Note/system/CodeIgniter.php(951): App\Controllers\Auth->loginProcess()
#8 /home/kenny/Documents/S4/SI/trinome/Gestion-de-Note/system/CodeIgniter.php(497): CodeIgniter\CodeIgniter->runController()
#9 /home/kenny/Documents/S4/SI/trinome/Gestion-de-Note/system/CodeIgniter.php(340): CodeIgniter\CodeIgniter->handleRequest()
#10 /home/kenny/Documents/S4/SI/trinome/Gestion-de-Note/system/Boot.php(417): CodeIgniter\CodeIgniter->run()
#11 /home/kenny/Documents/S4/SI/trinome/Gestion-de-Note/system/Boot.php(68): CodeIgniter\Boot::runCodeIgniter()
#12 /home/kenny/Documents/S4/SI/trinome/Gestion-de-Note/public/index.php(59): CodeIgniter\Boot::bootWeb()
#13 /home/kenny/Documents/S4/SI/trinome/Gestion-de-Note/system/rewrite.php(44): require_once('...')
#14 {main}
CRITICAL - 2026-04-29 08:30:33 --> Login Exception: Unable to connect to the database.
Main connection [MySQLi]: No such file or directory | /home/kenny/Documents/S4/SI/trinome/Gestion-de-Note/system/Database/BaseConnection.php:606
ERROR - 2026-04-29 08:39:37 --> Error connecting to the database: mysqli_sql_exception: No such file or directory in /home/kenny/Documents/S4/SI/trinome/Gestion-de-Note/system/Database/MySQLi/Connection.php:201
Stack trace:
#0 /home/kenny/Documents/S4/SI/trinome/Gestion-de-Note/system/Database/MySQLi/Connection.php(201): mysqli->real_connect()
#1 /home/kenny/Documents/S4/SI/trinome/Gestion-de-Note/system/Database/BaseConnection.php(555): CodeIgniter\Database\MySQLi\Connection->connect()
#2 /home/kenny/Documents/S4/SI/trinome/Gestion-de-Note/system/Database/BaseConnection.php(795): CodeIgniter\Database\BaseConnection->initialize()
#3 /home/kenny/Documents/S4/SI/trinome/Gestion-de-Note/system/Database/BaseBuilder.php(1649): CodeIgniter\Database\BaseConnection->query()
#4 /home/kenny/Documents/S4/SI/trinome/Gestion-de-Note/system/Model.php(295): CodeIgniter\Database\BaseBuilder->get()
#5 /home/kenny/Documents/S4/SI/trinome/Gestion-de-Note/system/BaseModel.php(714): CodeIgniter\Model->doFirst()
#6 /home/kenny/Documents/S4/SI/trinome/Gestion-de-Note/app/Models/UtilisateurModel.php(31): CodeIgniter\BaseModel->first()
#7 /home/kenny/Documents/S4/SI/trinome/Gestion-de-Note/app/Controllers/Auth.php(33): App\Models\UtilisateurModel->findByEmail()
#8 /home/kenny/Documents/S4/SI/trinome/Gestion-de-Note/system/CodeIgniter.php(951): App\Controllers\Auth->loginProcess()
#9 /home/kenny/Documents/S4/SI/trinome/Gestion-de-Note/system/CodeIgniter.php(497): CodeIgniter\CodeIgniter->runController()
#10 /home/kenny/Documents/S4/SI/trinome/Gestion-de-Note/system/CodeIgniter.php(340): CodeIgniter\CodeIgniter->handleRequest()
#11 /home/kenny/Documents/S4/SI/trinome/Gestion-de-Note/system/Boot.php(417): CodeIgniter\CodeIgniter->run()
#12 /home/kenny/Documents/S4/SI/trinome/Gestion-de-Note/system/Boot.php(68): CodeIgniter\Boot::runCodeIgniter()
#13 /home/kenny/Documents/S4/SI/trinome/Gestion-de-Note/public/index.php(59): CodeIgniter\Boot::bootWeb()
#14 /home/kenny/Documents/S4/SI/trinome/Gestion-de-Note/system/rewrite.php(44): require_once('...')
#15 {main}

Next CodeIgniter\Database\Exceptions\DatabaseException: No such file or directory in /home/kenny/Documents/S4/SI/trinome/Gestion-de-Note/system/Database/MySQLi/Connection.php:231
Stack trace:
#0 /home/kenny/Documents/S4/SI/trinome/Gestion-de-Note/system/Database/BaseConnection.php(555): CodeIgniter\Database\MySQLi\Connection->connect()
#1 /home/kenny/Documents/S4/SI/trinome/Gestion-de-Note/system/Database/BaseConnection.php(795): CodeIgniter\Database\BaseConnection->initialize()
#2 /home/kenny/Documents/S4/SI/trinome/Gestion-de-Note/system/Database/BaseBuilder.php(1649): CodeIgniter\Database\BaseConnection->query()
#3 /home/kenny/Documents/S4/SI/trinome/Gestion-de-Note/system/Model.php(295): CodeIgniter\Database\BaseBuilder->get()
#4 /home/kenny/Documents/S4/SI/trinome/Gestion-de-Note/system/BaseModel.php(714): CodeIgniter\Model->doFirst()
#5 /home/kenny/Documents/S4/SI/trinome/Gestion-de-Note/app/Models/UtilisateurModel.php(31): CodeIgniter\BaseModel->first()
#6 /home/kenny/Documents/S4/SI/trinome/Gestion-de-Note/app/Controllers/Auth.php(33): App\Models\UtilisateurModel->findByEmail()
#7 /home/kenny/Documents/S4/SI/trinome/Gestion-de-Note/system/CodeIgniter.php(951): App\Controllers\Auth->loginProcess()
#8 /home/kenny/Documents/S4/SI/trinome/Gestion-de-Note/system/CodeIgniter.php(497): CodeIgniter\CodeIgniter->runController()
#9 /home/kenny/Documents/S4/SI/trinome/Gestion-de-Note/system/CodeIgniter.php(340): CodeIgniter\CodeIgniter->handleRequest()
#10 /home/kenny/Documents/S4/SI/trinome/Gestion-de-Note/system/Boot.php(417): CodeIgniter\CodeIgniter->run()
#11 /home/kenny/Documents/S4/SI/trinome/Gestion-de-Note/system/Boot.php(68): CodeIgniter\Boot::runCodeIgniter()
#12 /home/kenny/Documents/S4/SI/trinome/Gestion-de-Note/public/index.php(59): CodeIgniter\Boot::bootWeb()
#13 /home/kenny/Documents/S4/SI/trinome/Gestion-de-Note/system/rewrite.php(44): require_once('...')
#14 {main}
CRITICAL - 2026-04-29 08:39:37 --> Login Exception: Unable to connect to the database.
Main connection [MySQLi]: No such file or directory | /home/kenny/Documents/S4/SI/trinome/Gestion-de-Note/system/Database/BaseConnection.php:606
ERROR - 2026-04-29 08:39:42 --> Error connecting to the database: mysqli_sql_exception: No such file or directory in /home/kenny/Documents/S4/SI/trinome/Gestion-de-Note/system/Database/MySQLi/Connection.php:201
Stack trace:
#0 /home/kenny/Documents/S4/SI/trinome/Gestion-de-Note/system/Database/MySQLi/Connection.php(201): mysqli->real_connect()
#1 /home/kenny/Documents/S4/SI/trinome/Gestion-de-Note/system/Database/BaseConnection.php(555): CodeIgniter\Database\MySQLi\Connection->connect()
#2 /home/kenny/Documents/S4/SI/trinome/Gestion-de-Note/system/Database/BaseConnection.php(795): CodeIgniter\Database\BaseConnection->initialize()
#3 /home/kenny/Documents/S4/SI/trinome/Gestion-de-Note/system/Database/BaseBuilder.php(1649): CodeIgniter\Database\BaseConnection->query()
#4 /home/kenny/Documents/S4/SI/trinome/Gestion-de-Note/system/Model.php(295): CodeIgniter\Database\BaseBuilder->get()
#5 /home/kenny/Documents/S4/SI/trinome/Gestion-de-Note/system/BaseModel.php(714): CodeIgniter\Model->doFirst()
#6 /home/kenny/Documents/S4/SI/trinome/Gestion-de-Note/app/Models/UtilisateurModel.php(31): CodeIgniter\BaseModel->first()
#7 /home/kenny/Documents/S4/SI/trinome/Gestion-de-Note/app/Controllers/Auth.php(33): App\Models\UtilisateurModel->findByEmail()
#8 /home/kenny/Documents/S4/SI/trinome/Gestion-de-Note/system/CodeIgniter.php(951): App\Controllers\Auth->loginProcess()
#9 /home/kenny/Documents/S4/SI/trinome/Gestion-de-Note/system/CodeIgniter.php(497): CodeIgniter\CodeIgniter->runController()
#10 /home/kenny/Documents/S4/SI/trinome/Gestion-de-Note/system/CodeIgniter.php(340): CodeIgniter\CodeIgniter->handleRequest()
#11 /home/kenny/Documents/S4/SI/trinome/Gestion-de-Note/system/Boot.php(417): CodeIgniter\CodeIgniter->run()
#12 /home/kenny/Documents/S4/SI/trinome/Gestion-de-Note/system/Boot.php(68): CodeIgniter\Boot::runCodeIgniter()
#13 /home/kenny/Documents/S4/SI/trinome/Gestion-de-Note/public/index.php(59): CodeIgniter\Boot::bootWeb()
#14 /home/kenny/Documents/S4/SI/trinome/Gestion-de-Note/system/rewrite.php(44): require_once('...')
#15 {main}

Next CodeIgniter\Database\Exceptions\DatabaseException: No such file or directory in /home/kenny/Documents/S4/SI/trinome/Gestion-de-Note/system/Database/MySQLi/Connection.php:231
Stack trace:
#0 /home/kenny/Documents/S4/SI/trinome/Gestion-de-Note/system/Database/BaseConnection.php(555): CodeIgniter\Database\MySQLi\Connection->connect()
#1 /home/kenny/Documents/S4/SI/trinome/Gestion-de-Note/system/Database/BaseConnection.php(795): CodeIgniter\Database\BaseConnection->initialize()
#2 /home/kenny/Documents/S4/SI/trinome/Gestion-de-Note/system/Database/BaseBuilder.php(1649): CodeIgniter\Database\BaseConnection->query()
#3 /home/kenny/Documents/S4/SI/trinome/Gestion-de-Note/system/Model.php(295): CodeIgniter\Database\BaseBuilder->get()
#4 /home/kenny/Documents/S4/SI/trinome/Gestion-de-Note/system/BaseModel.php(714): CodeIgniter\Model->doFirst()
#5 /home/kenny/Documents/S4/SI/trinome/Gestion-de-Note/app/Models/UtilisateurModel.php(31): CodeIgniter\BaseModel->first()
#6 /home/kenny/Documents/S4/SI/trinome/Gestion-de-Note/app/Controllers/Auth.php(33): App\Models\UtilisateurModel->findByEmail()
#7 /home/kenny/Documents/S4/SI/trinome/Gestion-de-Note/system/CodeIgniter.php(951): App\Controllers\Auth->loginProcess()
#8 /home/kenny/Documents/S4/SI/trinome/Gestion-de-Note/system/CodeIgniter.php(497): CodeIgniter\CodeIgniter->runController()
#9 /home/kenny/Documents/S4/SI/trinome/Gestion-de-Note/system/CodeIgniter.php(340): CodeIgniter\CodeIgniter->handleRequest()
#10 /home/kenny/Documents/S4/SI/trinome/Gestion-de-Note/system/Boot.php(417): CodeIgniter\CodeIgniter->run()
#11 /home/kenny/Documents/S4/SI/trinome/Gestion-de-Note/system/Boot.php(68): CodeIgniter\Boot::runCodeIgniter()
#12 /home/kenny/Documents/S4/SI/trinome/Gestion-de-Note/public/index.php(59): CodeIgniter\Boot::bootWeb()
#13 /home/kenny/Documents/S4/SI/trinome/Gestion-de-Note/system/rewrite.php(44): require_once('...')
#14 {main}
CRITICAL - 2026-04-29 08:39:42 --> Login Exception: Unable to connect to the database.
Main connection [MySQLi]: No such file or directory | /home/kenny/Documents/S4/SI/trinome/Gestion-de-Note/system/Database/BaseConnection.php:606
ERROR - 2026-04-29 08:39:45 --> Error connecting to the database: mysqli_sql_exception: No such file or directory in /home/kenny/Documents/S4/SI/trinome/Gestion-de-Note/system/Database/MySQLi/Connection.php:201
Stack trace:
#0 /home/kenny/Documents/S4/SI/trinome/Gestion-de-Note/system/Database/MySQLi/Connection.php(201): mysqli->real_connect()
#1 /home/kenny/Documents/S4/SI/trinome/Gestion-de-Note/system/Database/BaseConnection.php(555): CodeIgniter\Database\MySQLi\Connection->connect()
#2 /home/kenny/Documents/S4/SI/trinome/Gestion-de-Note/system/Database/BaseConnection.php(795): CodeIgniter\Database\BaseConnection->initialize()
#3 /home/kenny/Documents/S4/SI/trinome/Gestion-de-Note/system/Database/BaseBuilder.php(1649): CodeIgniter\Database\BaseConnection->query()
#4 /home/kenny/Documents/S4/SI/trinome/Gestion-de-Note/system/Model.php(295): CodeIgniter\Database\BaseBuilder->get()
#5 /home/kenny/Documents/S4/SI/trinome/Gestion-de-Note/system/BaseModel.php(714): CodeIgniter\Model->doFirst()
#6 /home/kenny/Documents/S4/SI/trinome/Gestion-de-Note/app/Models/UtilisateurModel.php(31): CodeIgniter\BaseModel->first()
#7 /home/kenny/Documents/S4/SI/trinome/Gestion-de-Note/app/Controllers/Auth.php(33): App\Models\UtilisateurModel->findByEmail()
#8 /home/kenny/Documents/S4/SI/trinome/Gestion-de-Note/system/CodeIgniter.php(951): App\Controllers\Auth->loginProcess()
#9 /home/kenny/Documents/S4/SI/trinome/Gestion-de-Note/system/CodeIgniter.php(497): CodeIgniter\CodeIgniter->runController()
#10 /home/kenny/Documents/S4/SI/trinome/Gestion-de-Note/system/CodeIgniter.php(340): CodeIgniter\CodeIgniter->handleRequest()
#11 /home/kenny/Documents/S4/SI/trinome/Gestion-de-Note/system/Boot.php(417): CodeIgniter\CodeIgniter->run()
#12 /home/kenny/Documents/S4/SI/trinome/Gestion-de-Note/system/Boot.php(68): CodeIgniter\Boot::runCodeIgniter()
#13 /home/kenny/Documents/S4/SI/trinome/Gestion-de-Note/public/index.php(59): CodeIgniter\Boot::bootWeb()
#14 /home/kenny/Documents/S4/SI/trinome/Gestion-de-Note/system/rewrite.php(44): require_once('...')
#15 {main}

Next CodeIgniter\Database\Exceptions\DatabaseException: No such file or directory in /home/kenny/Documents/S4/SI/trinome/Gestion-de-Note/system/Database/MySQLi/Connection.php:231
Stack trace:
#0 /home/kenny/Documents/S4/SI/trinome/Gestion-de-Note/system/Database/BaseConnection.php(555): CodeIgniter\Database\MySQLi\Connection->connect()
#1 /home/kenny/Documents/S4/SI/trinome/Gestion-de-Note/system/Database/BaseConnection.php(795): CodeIgniter\Database\BaseConnection->initialize()
#2 /home/kenny/Documents/S4/SI/trinome/Gestion-de-Note/system/Database/BaseBuilder.php(1649): CodeIgniter\Database\BaseConnection->query()
#3 /home/kenny/Documents/S4/SI/trinome/Gestion-de-Note/system/Model.php(295): CodeIgniter\Database\BaseBuilder->get()
#4 /home/kenny/Documents/S4/SI/trinome/Gestion-de-Note/system/BaseModel.php(714): CodeIgniter\Model->doFirst()
#5 /home/kenny/Documents/S4/SI/trinome/Gestion-de-Note/app/Models/UtilisateurModel.php(31): CodeIgniter\BaseModel->first()
#6 /home/kenny/Documents/S4/SI/trinome/Gestion-de-Note/app/Controllers/Auth.php(33): App\Models\UtilisateurModel->findByEmail()
#7 /home/kenny/Documents/S4/SI/trinome/Gestion-de-Note/system/CodeIgniter.php(951): App\Controllers\Auth->loginProcess()
#8 /home/kenny/Documents/S4/SI/trinome/Gestion-de-Note/system/CodeIgniter.php(497): CodeIgniter\CodeIgniter->runController()
#9 /home/kenny/Documents/S4/SI/trinome/Gestion-de-Note/system/CodeIgniter.php(340): CodeIgniter\CodeIgniter->handleRequest()
#10 /home/kenny/Documents/S4/SI/trinome/Gestion-de-Note/system/Boot.php(417): CodeIgniter\CodeIgniter->run()
#11 /home/kenny/Documents/S4/SI/trinome/Gestion-de-Note/system/Boot.php(68): CodeIgniter\Boot::runCodeIgniter()
#12 /home/kenny/Documents/S4/SI/trinome/Gestion-de-Note/public/index.php(59): CodeIgniter\Boot::bootWeb()
#13 /home/kenny/Documents/S4/SI/trinome/Gestion-de-Note/system/rewrite.php(44): require_once('...')
#14 {main}
CRITICAL - 2026-04-29 08:39:45 --> Login Exception: Unable to connect to the database.
Main connection [MySQLi]: No such file or directory | /home/kenny/Documents/S4/SI/trinome/Gestion-de-Note/system/Database/BaseConnection.php:606
ERROR - 2026-04-29 08:39:46 --> Error connecting to the database: mysqli_sql_exception: No such file or directory in /home/kenny/Documents/S4/SI/trinome/Gestion-de-Note/system/Database/MySQLi/Connection.php:201
Stack trace:
#0 /home/kenny/Documents/S4/SI/trinome/Gestion-de-Note/system/Database/MySQLi/Connection.php(201): mysqli->real_connect()
#1 /home/kenny/Documents/S4/SI/trinome/Gestion-de-Note/system/Database/BaseConnection.php(555): CodeIgniter\Database\MySQLi\Connection->connect()
#2 /home/kenny/Documents/S4/SI/trinome/Gestion-de-Note/system/Database/BaseConnection.php(795): CodeIgniter\Database\BaseConnection->initialize()
#3 /home/kenny/Documents/S4/SI/trinome/Gestion-de-Note/system/Database/BaseBuilder.php(1649): CodeIgniter\Database\BaseConnection->query()
#4 /home/kenny/Documents/S4/SI/trinome/Gestion-de-Note/system/Model.php(295): CodeIgniter\Database\BaseBuilder->get()
#5 /home/kenny/Documents/S4/SI/trinome/Gestion-de-Note/system/BaseModel.php(714): CodeIgniter\Model->doFirst()
#6 /home/kenny/Documents/S4/SI/trinome/Gestion-de-Note/app/Models/UtilisateurModel.php(31): CodeIgniter\BaseModel->first()
#7 /home/kenny/Documents/S4/SI/trinome/Gestion-de-Note/app/Controllers/Auth.php(33): App\Models\UtilisateurModel->findByEmail()
#8 /home/kenny/Documents/S4/SI/trinome/Gestion-de-Note/system/CodeIgniter.php(951): App\Controllers\Auth->loginProcess()
#9 /home/kenny/Documents/S4/SI/trinome/Gestion-de-Note/system/CodeIgniter.php(497): CodeIgniter\CodeIgniter->runController()
#10 /home/kenny/Documents/S4/SI/trinome/Gestion-de-Note/system/CodeIgniter.php(340): CodeIgniter\CodeIgniter->handleRequest()
#11 /home/kenny/Documents/S4/SI/trinome/Gestion-de-Note/system/Boot.php(417): CodeIgniter\CodeIgniter->run()
#12 /home/kenny/Documents/S4/SI/trinome/Gestion-de-Note/system/Boot.php(68): CodeIgniter\Boot::runCodeIgniter()
#13 /home/kenny/Documents/S4/SI/trinome/Gestion-de-Note/public/index.php(59): CodeIgniter\Boot::bootWeb()
#14 /home/kenny/Documents/S4/SI/trinome/Gestion-de-Note/system/rewrite.php(44): require_once('...')
#15 {main}

Next CodeIgniter\Database\Exceptions\DatabaseException: No such file or directory in /home/kenny/Documents/S4/SI/trinome/Gestion-de-Note/system/Database/MySQLi/Connection.php:231
Stack trace:
#0 /home/kenny/Documents/S4/SI/trinome/Gestion-de-Note/system/Database/BaseConnection.php(555): CodeIgniter\Database\MySQLi\Connection->connect()
#1 /home/kenny/Documents/S4/SI/trinome/Gestion-de-Note/system/Database/BaseConnection.php(795): CodeIgniter\Database\BaseConnection->initialize()
#2 /home/kenny/Documents/S4/SI/trinome/Gestion-de-Note/system/Database/BaseBuilder.php(1649): CodeIgniter\Database\BaseConnection->query()
#3 /home/kenny/Documents/S4/SI/trinome/Gestion-de-Note/system/Model.php(295): CodeIgniter\Database\BaseBuilder->get()
#4 /home/kenny/Documents/S4/SI/trinome/Gestion-de-Note/system/BaseModel.php(714): CodeIgniter\Model->doFirst()
#5 /home/kenny/Documents/S4/SI/trinome/Gestion-de-Note/app/Models/UtilisateurModel.php(31): CodeIgniter\BaseModel->first()
#6 /home/kenny/Documents/S4/SI/trinome/Gestion-de-Note/app/Controllers/Auth.php(33): App\Models\UtilisateurModel->findByEmail()
#7 /home/kenny/Documents/S4/SI/trinome/Gestion-de-Note/system/CodeIgniter.php(951): App\Controllers\Auth->loginProcess()
#8 /home/kenny/Documents/S4/SI/trinome/Gestion-de-Note/system/CodeIgniter.php(497): CodeIgniter\CodeIgniter->runController()
#9 /home/kenny/Documents/S4/SI/trinome/Gestion-de-Note/system/CodeIgniter.php(340): CodeIgniter\CodeIgniter->handleRequest()
#10 /home/kenny/Documents/S4/SI/trinome/Gestion-de-Note/system/Boot.php(417): CodeIgniter\CodeIgniter->run()
#11 /home/kenny/Documents/S4/SI/trinome/Gestion-de-Note/system/Boot.php(68): CodeIgniter\Boot::runCodeIgniter()
#12 /home/kenny/Documents/S4/SI/trinome/Gestion-de-Note/public/index.php(59): CodeIgniter\Boot::bootWeb()
#13 /home/kenny/Documents/S4/SI/trinome/Gestion-de-Note/system/rewrite.php(44): require_once('...')
#14 {main}
CRITICAL - 2026-04-29 08:39:46 --> Login Exception: Unable to connect to the database.
Main connection [MySQLi]: No such file or directory | /home/kenny/Documents/S4/SI/trinome/Gestion-de-Note/system/Database/BaseConnection.php:606
ERROR - 2026-04-29 08:39:47 --> Error connecting to the database: mysqli_sql_exception: No such file or directory in /home/kenny/Documents/S4/SI/trinome/Gestion-de-Note/system/Database/MySQLi/Connection.php:201
Stack trace:
#0 /home/kenny/Documents/S4/SI/trinome/Gestion-de-Note/system/Database/MySQLi/Connection.php(201): mysqli->real_connect()
#1 /home/kenny/Documents/S4/SI/trinome/Gestion-de-Note/system/Database/BaseConnection.php(555): CodeIgniter\Database\MySQLi\Connection->connect()
#2 /home/kenny/Documents/S4/SI/trinome/Gestion-de-Note/system/Database/BaseConnection.php(795): CodeIgniter\Database\BaseConnection->initialize()
#3 /home/kenny/Documents/S4/SI/trinome/Gestion-de-Note/system/Database/BaseBuilder.php(1649): CodeIgniter\Database\BaseConnection->query()
#4 /home/kenny/Documents/S4/SI/trinome/Gestion-de-Note/system/Model.php(295): CodeIgniter\Database\BaseBuilder->get()
#5 /home/kenny/Documents/S4/SI/trinome/Gestion-de-Note/system/BaseModel.php(714): CodeIgniter\Model->doFirst()
#6 /home/kenny/Documents/S4/SI/trinome/Gestion-de-Note/app/Models/UtilisateurModel.php(31): CodeIgniter\BaseModel->first()
#7 /home/kenny/Documents/S4/SI/trinome/Gestion-de-Note/app/Controllers/Auth.php(33): App\Models\UtilisateurModel->findByEmail()
#8 /home/kenny/Documents/S4/SI/trinome/Gestion-de-Note/system/CodeIgniter.php(951): App\Controllers\Auth->loginProcess()
#9 /home/kenny/Documents/S4/SI/trinome/Gestion-de-Note/system/CodeIgniter.php(497): CodeIgniter\CodeIgniter->runController()
#10 /home/kenny/Documents/S4/SI/trinome/Gestion-de-Note/system/CodeIgniter.php(340): CodeIgniter\CodeIgniter->handleRequest()
#11 /home/kenny/Documents/S4/SI/trinome/Gestion-de-Note/system/Boot.php(417): CodeIgniter\CodeIgniter->run()
#12 /home/kenny/Documents/S4/SI/trinome/Gestion-de-Note/system/Boot.php(68): CodeIgniter\Boot::runCodeIgniter()
#13 /home/kenny/Documents/S4/SI/trinome/Gestion-de-Note/public/index.php(59): CodeIgniter\Boot::bootWeb()
#14 /home/kenny/Documents/S4/SI/trinome/Gestion-de-Note/system/rewrite.php(44): require_once('...')
#15 {main}

Next CodeIgniter\Database\Exceptions\DatabaseException: No such file or directory in /home/kenny/Documents/S4/SI/trinome/Gestion-de-Note/system/Database/MySQLi/Connection.php:231
Stack trace:
#0 /home/kenny/Documents/S4/SI/trinome/Gestion-de-Note/system/Database/BaseConnection.php(555): CodeIgniter\Database\MySQLi\Connection->connect()
#1 /home/kenny/Documents/S4/SI/trinome/Gestion-de-Note/system/Database/BaseConnection.php(795): CodeIgniter\Database\BaseConnection->initialize()
#2 /home/kenny/Documents/S4/SI/trinome/Gestion-de-Note/system/Database/BaseBuilder.php(1649): CodeIgniter\Database\BaseConnection->query()
#3 /home/kenny/Documents/S4/SI/trinome/Gestion-de-Note/system/Model.php(295): CodeIgniter\Database\BaseBuilder->get()
#4 /home/kenny/Documents/S4/SI/trinome/Gestion-de-Note/system/BaseModel.php(714): CodeIgniter\Model->doFirst()
#5 /home/kenny/Documents/S4/SI/trinome/Gestion-de-Note/app/Models/UtilisateurModel.php(31): CodeIgniter\BaseModel->first()
#6 /home/kenny/Documents/S4/SI/trinome/Gestion-de-Note/app/Controllers/Auth.php(33): App\Models\UtilisateurModel->findByEmail()
#7 /home/kenny/Documents/S4/SI/trinome/Gestion-de-Note/system/CodeIgniter.php(951): App\Controllers\Auth->loginProcess()
#8 /home/kenny/Documents/S4/SI/trinome/Gestion-de-Note/system/CodeIgniter.php(497): CodeIgniter\CodeIgniter->runController()
#9 /home/kenny/Documents/S4/SI/trinome/Gestion-de-Note/system/CodeIgniter.php(340): CodeIgniter\CodeIgniter->handleRequest()
#10 /home/kenny/Documents/S4/SI/trinome/Gestion-de-Note/system/Boot.php(417): CodeIgniter\CodeIgniter->run()
#11 /home/kenny/Documents/S4/SI/trinome/Gestion-de-Note/system/Boot.php(68): CodeIgniter\Boot::runCodeIgniter()
#12 /home/kenny/Documents/S4/SI/trinome/Gestion-de-Note/public/index.php(59): CodeIgniter\Boot::bootWeb()
#13 /home/kenny/Documents/S4/SI/trinome/Gestion-de-Note/system/rewrite.php(44): require_once('...')
#14 {main}
CRITICAL - 2026-04-29 08:39:47 --> Login Exception: Unable to connect to the database.
Main connection [MySQLi]: No such file or directory | /home/kenny/Documents/S4/SI/trinome/Gestion-de-Note/system/Database/BaseConnection.php:606
ERROR - 2026-04-29 08:50:56 --> Error connecting to the database: mysqli_sql_exception: No such file or directory in /home/kenny/Documents/S4/SI/trinome/Gestion-de-Note/system/Database/MySQLi/Connection.php:201
Stack trace:
#0 /home/kenny/Documents/S4/SI/trinome/Gestion-de-Note/system/Database/MySQLi/Connection.php(201): mysqli->real_connect()
#1 /home/kenny/Documents/S4/SI/trinome/Gestion-de-Note/system/Database/BaseConnection.php(555): CodeIgniter\Database\MySQLi\Connection->connect()
#2 /home/kenny/Documents/S4/SI/trinome/Gestion-de-Note/system/Database/BaseConnection.php(795): CodeIgniter\Database\BaseConnection->initialize()
#3 /home/kenny/Documents/S4/SI/trinome/Gestion-de-Note/system/Database/BaseBuilder.php(1649): CodeIgniter\Database\BaseConnection->query()
#4 /home/kenny/Documents/S4/SI/trinome/Gestion-de-Note/system/Model.php(295): CodeIgniter\Database\BaseBuilder->get()
#5 /home/kenny/Documents/S4/SI/trinome/Gestion-de-Note/system/BaseModel.php(714): CodeIgniter\Model->doFirst()
#6 /home/kenny/Documents/S4/SI/trinome/Gestion-de-Note/app/Models/UtilisateurModel.php(31): CodeIgniter\BaseModel->first()
#7 /home/kenny/Documents/S4/SI/trinome/Gestion-de-Note/app/Controllers/Auth.php(24): App\Models\UtilisateurModel->findByEmail()
#8 /home/kenny/Documents/S4/SI/trinome/Gestion-de-Note/system/CodeIgniter.php(951): App\Controllers\Auth->loginProcess()
#9 /home/kenny/Documents/S4/SI/trinome/Gestion-de-Note/system/CodeIgniter.php(497): CodeIgniter\CodeIgniter->runController()
#10 /home/kenny/Documents/S4/SI/trinome/Gestion-de-Note/system/CodeIgniter.php(340): CodeIgniter\CodeIgniter->handleRequest()
#11 /home/kenny/Documents/S4/SI/trinome/Gestion-de-Note/system/Boot.php(417): CodeIgniter\CodeIgniter->run()
#12 /home/kenny/Documents/S4/SI/trinome/Gestion-de-Note/system/Boot.php(68): CodeIgniter\Boot::runCodeIgniter()
#13 /home/kenny/Documents/S4/SI/trinome/Gestion-de-Note/public/index.php(59): CodeIgniter\Boot::bootWeb()
#14 /home/kenny/Documents/S4/SI/trinome/Gestion-de-Note/system/rewrite.php(44): require_once('...')
#15 {main}

Next CodeIgniter\Database\Exceptions\DatabaseException: No such file or directory in /home/kenny/Documents/S4/SI/trinome/Gestion-de-Note/system/Database/MySQLi/Connection.php:231
Stack trace:
#0 /home/kenny/Documents/S4/SI/trinome/Gestion-de-Note/system/Database/BaseConnection.php(555): CodeIgniter\Database\MySQLi\Connection->connect()
#1 /home/kenny/Documents/S4/SI/trinome/Gestion-de-Note/system/Database/BaseConnection.php(795): CodeIgniter\Database\BaseConnection->initialize()
#2 /home/kenny/Documents/S4/SI/trinome/Gestion-de-Note/system/Database/BaseBuilder.php(1649): CodeIgniter\Database\BaseConnection->query()
#3 /home/kenny/Documents/S4/SI/trinome/Gestion-de-Note/system/Model.php(295): CodeIgniter\Database\BaseBuilder->get()
#4 /home/kenny/Documents/S4/SI/trinome/Gestion-de-Note/system/BaseModel.php(714): CodeIgniter\Model->doFirst()
#5 /home/kenny/Documents/S4/SI/trinome/Gestion-de-Note/app/Models/UtilisateurModel.php(31): CodeIgniter\BaseModel->first()
#6 /home/kenny/Documents/S4/SI/trinome/Gestion-de-Note/app/Controllers/Auth.php(24): App\Models\UtilisateurModel->findByEmail()
#7 /home/kenny/Documents/S4/SI/trinome/Gestion-de-Note/system/CodeIgniter.php(951): App\Controllers\Auth->loginProcess()
#8 /home/kenny/Documents/S4/SI/trinome/Gestion-de-Note/system/CodeIgniter.php(497): CodeIgniter\CodeIgniter->runController()
#9 /home/kenny/Documents/S4/SI/trinome/Gestion-de-Note/system/CodeIgniter.php(340): CodeIgniter\CodeIgniter->handleRequest()
#10 /home/kenny/Documents/S4/SI/trinome/Gestion-de-Note/system/Boot.php(417): CodeIgniter\CodeIgniter->run()
#11 /home/kenny/Documents/S4/SI/trinome/Gestion-de-Note/system/Boot.php(68): CodeIgniter\Boot::runCodeIgniter()
#12 /home/kenny/Documents/S4/SI/trinome/Gestion-de-Note/public/index.php(59): CodeIgniter\Boot::bootWeb()
#13 /home/kenny/Documents/S4/SI/trinome/Gestion-de-Note/system/rewrite.php(44): require_once('...')
#14 {main}
ERROR - 2026-04-29 08:50:57 --> Error connecting to the database: mysqli_sql_exception: No such file or directory in /home/kenny/Documents/S4/SI/trinome/Gestion-de-Note/system/Database/MySQLi/Connection.php:201
Stack trace:
#0 /home/kenny/Documents/S4/SI/trinome/Gestion-de-Note/system/Database/MySQLi/Connection.php(201): mysqli->real_connect()
#1 /home/kenny/Documents/S4/SI/trinome/Gestion-de-Note/system/Database/BaseConnection.php(555): CodeIgniter\Database\MySQLi\Connection->connect()
#2 /home/kenny/Documents/S4/SI/trinome/Gestion-de-Note/system/Database/BaseConnection.php(795): CodeIgniter\Database\BaseConnection->initialize()
#3 /home/kenny/Documents/S4/SI/trinome/Gestion-de-Note/system/Database/BaseBuilder.php(1649): CodeIgniter\Database\BaseConnection->query()
#4 /home/kenny/Documents/S4/SI/trinome/Gestion-de-Note/system/Model.php(295): CodeIgniter\Database\BaseBuilder->get()
#5 /home/kenny/Documents/S4/SI/trinome/Gestion-de-Note/system/BaseModel.php(714): CodeIgniter\Model->doFirst()
#6 /home/kenny/Documents/S4/SI/trinome/Gestion-de-Note/app/Models/UtilisateurModel.php(31): CodeIgniter\BaseModel->first()
#7 /home/kenny/Documents/S4/SI/trinome/Gestion-de-Note/app/Controllers/Auth.php(24): App\Models\UtilisateurModel->findByEmail()
#8 /home/kenny/Documents/S4/SI/trinome/Gestion-de-Note/system/CodeIgniter.php(951): App\Controllers\Auth->loginProcess()
#9 /home/kenny/Documents/S4/SI/trinome/Gestion-de-Note/system/CodeIgniter.php(497): CodeIgniter\CodeIgniter->runController()
#10 /home/kenny/Documents/S4/SI/trinome/Gestion-de-Note/system/CodeIgniter.php(340): CodeIgniter\CodeIgniter->handleRequest()
#11 /home/kenny/Documents/S4/SI/trinome/Gestion-de-Note/system/Boot.php(417): CodeIgniter\CodeIgniter->run()
#12 /home/kenny/Documents/S4/SI/trinome/Gestion-de-Note/system/Boot.php(68): CodeIgniter\Boot::runCodeIgniter()
#13 /home/kenny/Documents/S4/SI/trinome/Gestion-de-Note/public/index.php(59): CodeIgniter\Boot::bootWeb()
#14 /home/kenny/Documents/S4/SI/trinome/Gestion-de-Note/system/rewrite.php(44): require_once('...')
#15 {main}

Next CodeIgniter\Database\Exceptions\DatabaseException: No such file or directory in /home/kenny/Documents/S4/SI/trinome/Gestion-de-Note/system/Database/MySQLi/Connection.php:231
Stack trace:
#0 /home/kenny/Documents/S4/SI/trinome/Gestion-de-Note/system/Database/BaseConnection.php(555): CodeIgniter\Database\MySQLi\Connection->connect()
#1 /home/kenny/Documents/S4/SI/trinome/Gestion-de-Note/system/Database/BaseConnection.php(795): CodeIgniter\Database\BaseConnection->initialize()
#2 /home/kenny/Documents/S4/SI/trinome/Gestion-de-Note/system/Database/BaseBuilder.php(1649): CodeIgniter\Database\BaseConnection->query()
#3 /home/kenny/Documents/S4/SI/trinome/Gestion-de-Note/system/Model.php(295): CodeIgniter\Database\BaseBuilder->get()
#4 /home/kenny/Documents/S4/SI/trinome/Gestion-de-Note/system/BaseModel.php(714): CodeIgniter\Model->doFirst()
#5 /home/kenny/Documents/S4/SI/trinome/Gestion-de-Note/app/Models/UtilisateurModel.php(31): CodeIgniter\BaseModel->first()
#6 /home/kenny/Documents/S4/SI/trinome/Gestion-de-Note/app/Controllers/Auth.php(24): App\Models\UtilisateurModel->findByEmail()
#7 /home/kenny/Documents/S4/SI/trinome/Gestion-de-Note/system/CodeIgniter.php(951): App\Controllers\Auth->loginProcess()
#8 /home/kenny/Documents/S4/SI/trinome/Gestion-de-Note/system/CodeIgniter.php(497): CodeIgniter\CodeIgniter->runController()
#9 /home/kenny/Documents/S4/SI/trinome/Gestion-de-Note/system/CodeIgniter.php(340): CodeIgniter\CodeIgniter->handleRequest()
#10 /home/kenny/Documents/S4/SI/trinome/Gestion-de-Note/system/Boot.php(417): CodeIgniter\CodeIgniter->run()
#11 /home/kenny/Documents/S4/SI/trinome/Gestion-de-Note/system/Boot.php(68): CodeIgniter\Boot::runCodeIgniter()
#12 /home/kenny/Documents/S4/SI/trinome/Gestion-de-Note/public/index.php(59): CodeIgniter\Boot::bootWeb()
#13 /home/kenny/Documents/S4/SI/trinome/Gestion-de-Note/system/rewrite.php(44): require_once('...')
#14 {main}
ERROR - 2026-04-29 08:50:57 --> Error connecting to the database: mysqli_sql_exception: No such file or directory in /home/kenny/Documents/S4/SI/trinome/Gestion-de-Note/system/Database/MySQLi/Connection.php:201
Stack trace:
#0 /home/kenny/Documents/S4/SI/trinome/Gestion-de-Note/system/Database/MySQLi/Connection.php(201): mysqli->real_connect()
#1 /home/kenny/Documents/S4/SI/trinome/Gestion-de-Note/system/Database/BaseConnection.php(555): CodeIgniter\Database\MySQLi\Connection->connect()
#2 /home/kenny/Documents/S4/SI/trinome/Gestion-de-Note/system/Database/BaseConnection.php(795): CodeIgniter\Database\BaseConnection->initialize()
#3 /home/kenny/Documents/S4/SI/trinome/Gestion-de-Note/system/Database/BaseBuilder.php(1649): CodeIgniter\Database\BaseConnection->query()
#4 /home/kenny/Documents/S4/SI/trinome/Gestion-de-Note/system/Model.php(295): CodeIgniter\Database\BaseBuilder->get()
#5 /home/kenny/Documents/S4/SI/trinome/Gestion-de-Note/system/BaseModel.php(714): CodeIgniter\Model->doFirst()
#6 /home/kenny/Documents/S4/SI/trinome/Gestion-de-Note/app/Models/UtilisateurModel.php(31): CodeIgniter\BaseModel->first()
#7 /home/kenny/Documents/S4/SI/trinome/Gestion-de-Note/app/Controllers/Auth.php(24): App\Models\UtilisateurModel->findByEmail()
#8 /home/kenny/Documents/S4/SI/trinome/Gestion-de-Note/system/CodeIgniter.php(951): App\Controllers\Auth->loginProcess()
#9 /home/kenny/Documents/S4/SI/trinome/Gestion-de-Note/system/CodeIgniter.php(497): CodeIgniter\CodeIgniter->runController()
#10 /home/kenny/Documents/S4/SI/trinome/Gestion-de-Note/system/CodeIgniter.php(340): CodeIgniter\CodeIgniter->handleRequest()
#11 /home/kenny/Documents/S4/SI/trinome/Gestion-de-Note/system/Boot.php(417): CodeIgniter\CodeIgniter->run()
#12 /home/kenny/Documents/S4/SI/trinome/Gestion-de-Note/system/Boot.php(68): CodeIgniter\Boot::runCodeIgniter()
#13 /home/kenny/Documents/S4/SI/trinome/Gestion-de-Note/public/index.php(59): CodeIgniter\Boot::bootWeb()
#14 /home/kenny/Documents/S4/SI/trinome/Gestion-de-Note/system/rewrite.php(44): require_once('...')
#15 {main}

Next CodeIgniter\Database\Exceptions\DatabaseException: No such file or directory in /home/kenny/Documents/S4/SI/trinome/Gestion-de-Note/system/Database/MySQLi/Connection.php:231
Stack trace:
#0 /home/kenny/Documents/S4/SI/trinome/Gestion-de-Note/system/Database/BaseConnection.php(555): CodeIgniter\Database\MySQLi\Connection->connect()
#1 /home/kenny/Documents/S4/SI/trinome/Gestion-de-Note/system/Database/BaseConnection.php(795): CodeIgniter\Database\BaseConnection->initialize()
#2 /home/kenny/Documents/S4/SI/trinome/Gestion-de-Note/system/Database/BaseBuilder.php(1649): CodeIgniter\Database\BaseConnection->query()
#3 /home/kenny/Documents/S4/SI/trinome/Gestion-de-Note/system/Model.php(295): CodeIgniter\Database\BaseBuilder->get()
#4 /home/kenny/Documents/S4/SI/trinome/Gestion-de-Note/system/BaseModel.php(714): CodeIgniter\Model->doFirst()
#5 /home/kenny/Documents/S4/SI/trinome/Gestion-de-Note/app/Models/UtilisateurModel.php(31): CodeIgniter\BaseModel->first()
#6 /home/kenny/Documents/S4/SI/trinome/Gestion-de-Note/app/Controllers/Auth.php(24): App\Models\UtilisateurModel->findByEmail()
#7 /home/kenny/Documents/S4/SI/trinome/Gestion-de-Note/system/CodeIgniter.php(951): App\Controllers\Auth->loginProcess()
#8 /home/kenny/Documents/S4/SI/trinome/Gestion-de-Note/system/CodeIgniter.php(497): CodeIgniter\CodeIgniter->runController()
#9 /home/kenny/Documents/S4/SI/trinome/Gestion-de-Note/system/CodeIgniter.php(340): CodeIgniter\CodeIgniter->handleRequest()
#10 /home/kenny/Documents/S4/SI/trinome/Gestion-de-Note/system/Boot.php(417): CodeIgniter\CodeIgniter->run()
#11 /home/kenny/Documents/S4/SI/trinome/Gestion-de-Note/system/Boot.php(68): CodeIgniter\Boot::runCodeIgniter()
#12 /home/kenny/Documents/S4/SI/trinome/Gestion-de-Note/public/index.php(59): CodeIgniter\Boot::bootWeb()
#13 /home/kenny/Documents/S4/SI/trinome/Gestion-de-Note/system/rewrite.php(44): require_once('...')
#14 {main}
ERROR - 2026-04-29 08:50:58 --> Error connecting to the database: mysqli_sql_exception: No such file or directory in /home/kenny/Documents/S4/SI/trinome/Gestion-de-Note/system/Database/MySQLi/Connection.php:201
Stack trace:
#0 /home/kenny/Documents/S4/SI/trinome/Gestion-de-Note/system/Database/MySQLi/Connection.php(201): mysqli->real_connect()
#1 /home/kenny/Documents/S4/SI/trinome/Gestion-de-Note/system/Database/BaseConnection.php(555): CodeIgniter\Database\MySQLi\Connection->connect()
#2 /home/kenny/Documents/S4/SI/trinome/Gestion-de-Note/system/Database/BaseConnection.php(795): CodeIgniter\Database\BaseConnection->initialize()
#3 /home/kenny/Documents/S4/SI/trinome/Gestion-de-Note/system/Database/BaseBuilder.php(1649): CodeIgniter\Database\BaseConnection->query()
#4 /home/kenny/Documents/S4/SI/trinome/Gestion-de-Note/system/Model.php(295): CodeIgniter\Database\BaseBuilder->get()
#5 /home/kenny/Documents/S4/SI/trinome/Gestion-de-Note/system/BaseModel.php(714): CodeIgniter\Model->doFirst()
#6 /home/kenny/Documents/S4/SI/trinome/Gestion-de-Note/app/Models/UtilisateurModel.php(31): CodeIgniter\BaseModel->first()
#7 /home/kenny/Documents/S4/SI/trinome/Gestion-de-Note/app/Controllers/Auth.php(24): App\Models\UtilisateurModel->findByEmail()
#8 /home/kenny/Documents/S4/SI/trinome/Gestion-de-Note/system/CodeIgniter.php(951): App\Controllers\Auth->loginProcess()
#9 /home/kenny/Documents/S4/SI/trinome/Gestion-de-Note/system/CodeIgniter.php(497): CodeIgniter\CodeIgniter->runController()
#10 /home/kenny/Documents/S4/SI/trinome/Gestion-de-Note/system/CodeIgniter.php(340): CodeIgniter\CodeIgniter->handleRequest()
#11 /home/kenny/Documents/S4/SI/trinome/Gestion-de-Note/system/Boot.php(417): CodeIgniter\CodeIgniter->run()
#12 /home/kenny/Documents/S4/SI/trinome/Gestion-de-Note/system/Boot.php(68): CodeIgniter\Boot::runCodeIgniter()
#13 /home/kenny/Documents/S4/SI/trinome/Gestion-de-Note/public/index.php(59): CodeIgniter\Boot::bootWeb()
#14 /home/kenny/Documents/S4/SI/trinome/Gestion-de-Note/system/rewrite.php(44): require_once('...')
#15 {main}

Next CodeIgniter\Database\Exceptions\DatabaseException: No such file or directory in /home/kenny/Documents/S4/SI/trinome/Gestion-de-Note/system/Database/MySQLi/Connection.php:231
Stack trace:
#0 /home/kenny/Documents/S4/SI/trinome/Gestion-de-Note/system/Database/BaseConnection.php(555): CodeIgniter\Database\MySQLi\Connection->connect()
#1 /home/kenny/Documents/S4/SI/trinome/Gestion-de-Note/system/Database/BaseConnection.php(795): CodeIgniter\Database\BaseConnection->initialize()
#2 /home/kenny/Documents/S4/SI/trinome/Gestion-de-Note/system/Database/BaseBuilder.php(1649): CodeIgniter\Database\BaseConnection->query()
#3 /home/kenny/Documents/S4/SI/trinome/Gestion-de-Note/system/Model.php(295): CodeIgniter\Database\BaseBuilder->get()
#4 /home/kenny/Documents/S4/SI/trinome/Gestion-de-Note/system/BaseModel.php(714): CodeIgniter\Model->doFirst()
#5 /home/kenny/Documents/S4/SI/trinome/Gestion-de-Note/app/Models/UtilisateurModel.php(31): CodeIgniter\BaseModel->first()
#6 /home/kenny/Documents/S4/SI/trinome/Gestion-de-Note/app/Controllers/Auth.php(24): App\Models\UtilisateurModel->findByEmail()
#7 /home/kenny/Documents/S4/SI/trinome/Gestion-de-Note/system/CodeIgniter.php(951): App\Controllers\Auth->loginProcess()
#8 /home/kenny/Documents/S4/SI/trinome/Gestion-de-Note/system/CodeIgniter.php(497): CodeIgniter\CodeIgniter->runController()
#9 /home/kenny/Documents/S4/SI/trinome/Gestion-de-Note/system/CodeIgniter.php(340): CodeIgniter\CodeIgniter->handleRequest()
#10 /home/kenny/Documents/S4/SI/trinome/Gestion-de-Note/system/Boot.php(417): CodeIgniter\CodeIgniter->run()
#11 /home/kenny/Documents/S4/SI/trinome/Gestion-de-Note/system/Boot.php(68): CodeIgniter\Boot::runCodeIgniter()
#12 /home/kenny/Documents/S4/SI/trinome/Gestion-de-Note/public/index.php(59): CodeIgniter\Boot::bootWeb()
#13 /home/kenny/Documents/S4/SI/trinome/Gestion-de-Note/system/rewrite.php(44): require_once('...')
#14 {main}
ERROR - 2026-04-29 08:53:25 --> Error connecting to the database: mysqli_sql_exception: No such file or directory in /home/kenny/Documents/S4/SI/trinome/Gestion-de-Note/system/Database/MySQLi/Connection.php:201
Stack trace:
#0 /home/kenny/Documents/S4/SI/trinome/Gestion-de-Note/system/Database/MySQLi/Connection.php(201): mysqli->real_connect()
#1 /home/kenny/Documents/S4/SI/trinome/Gestion-de-Note/system/Database/BaseConnection.php(555): CodeIgniter\Database\MySQLi\Connection->connect()
#2 /home/kenny/Documents/S4/SI/trinome/Gestion-de-Note/system/Database/BaseConnection.php(795): CodeIgniter\Database\BaseConnection->initialize()
#3 /home/kenny/Documents/S4/SI/trinome/Gestion-de-Note/system/Database/BaseBuilder.php(1649): CodeIgniter\Database\BaseConnection->query()
#4 /home/kenny/Documents/S4/SI/trinome/Gestion-de-Note/system/Model.php(295): CodeIgniter\Database\BaseBuilder->get()
#5 /home/kenny/Documents/S4/SI/trinome/Gestion-de-Note/system/BaseModel.php(714): CodeIgniter\Model->doFirst()
#6 /home/kenny/Documents/S4/SI/trinome/Gestion-de-Note/app/Models/UtilisateurModel.php(31): CodeIgniter\BaseModel->first()
#7 /home/kenny/Documents/S4/SI/trinome/Gestion-de-Note/app/Controllers/Auth.php(24): App\Models\UtilisateurModel->findByEmail()
#8 /home/kenny/Documents/S4/SI/trinome/Gestion-de-Note/system/CodeIgniter.php(951): App\Controllers\Auth->loginProcess()
#9 /home/kenny/Documents/S4/SI/trinome/Gestion-de-Note/system/CodeIgniter.php(497): CodeIgniter\CodeIgniter->runController()
#10 /home/kenny/Documents/S4/SI/trinome/Gestion-de-Note/system/CodeIgniter.php(340): CodeIgniter\CodeIgniter->handleRequest()
#11 /home/kenny/Documents/S4/SI/trinome/Gestion-de-Note/system/Boot.php(417): CodeIgniter\CodeIgniter->run()
#12 /home/kenny/Documents/S4/SI/trinome/Gestion-de-Note/system/Boot.php(68): CodeIgniter\Boot::runCodeIgniter()
#13 /home/kenny/Documents/S4/SI/trinome/Gestion-de-Note/public/index.php(59): CodeIgniter\Boot::bootWeb()
#14 /home/kenny/Documents/S4/SI/trinome/Gestion-de-Note/system/rewrite.php(44): require_once('...')
#15 {main}

Next CodeIgniter\Database\Exceptions\DatabaseException: No such file or directory in /home/kenny/Documents/S4/SI/trinome/Gestion-de-Note/system/Database/MySQLi/Connection.php:231
Stack trace:
#0 /home/kenny/Documents/S4/SI/trinome/Gestion-de-Note/system/Database/BaseConnection.php(555): CodeIgniter\Database\MySQLi\Connection->connect()
#1 /home/kenny/Documents/S4/SI/trinome/Gestion-de-Note/system/Database/BaseConnection.php(795): CodeIgniter\Database\BaseConnection->initialize()
#2 /home/kenny/Documents/S4/SI/trinome/Gestion-de-Note/system/Database/BaseBuilder.php(1649): CodeIgniter\Database\BaseConnection->query()
#3 /home/kenny/Documents/S4/SI/trinome/Gestion-de-Note/system/Model.php(295): CodeIgniter\Database\BaseBuilder->get()
#4 /home/kenny/Documents/S4/SI/trinome/Gestion-de-Note/system/BaseModel.php(714): CodeIgniter\Model->doFirst()
#5 /home/kenny/Documents/S4/SI/trinome/Gestion-de-Note/app/Models/UtilisateurModel.php(31): CodeIgniter\BaseModel->first()
#6 /home/kenny/Documents/S4/SI/trinome/Gestion-de-Note/app/Controllers/Auth.php(24): App\Models\UtilisateurModel->findByEmail()
#7 /home/kenny/Documents/S4/SI/trinome/Gestion-de-Note/system/CodeIgniter.php(951): App\Controllers\Auth->loginProcess()
#8 /home/kenny/Documents/S4/SI/trinome/Gestion-de-Note/system/CodeIgniter.php(497): CodeIgniter\CodeIgniter->runController()
#9 /home/kenny/Documents/S4/SI/trinome/Gestion-de-Note/system/CodeIgniter.php(340): CodeIgniter\CodeIgniter->handleRequest()
#10 /home/kenny/Documents/S4/SI/trinome/Gestion-de-Note/system/Boot.php(417): CodeIgniter\CodeIgniter->run()
#11 /home/kenny/Documents/S4/SI/trinome/Gestion-de-Note/system/Boot.php(68): CodeIgniter\Boot::runCodeIgniter()
#12 /home/kenny/Documents/S4/SI/trinome/Gestion-de-Note/public/index.php(59): CodeIgniter\Boot::bootWeb()
#13 /home/kenny/Documents/S4/SI/trinome/Gestion-de-Note/system/rewrite.php(44): require_once('...')
#14 {main}
ERROR - 2026-04-29 08:53:44 --> Error connecting to the database: mysqli_sql_exception: No such file or directory in /home/kenny/Documents/S4/SI/trinome/Gestion-de-Note/system/Database/MySQLi/Connection.php:201
Stack trace:
#0 /home/kenny/Documents/S4/SI/trinome/Gestion-de-Note/system/Database/MySQLi/Connection.php(201): mysqli->real_connect()
#1 /home/kenny/Documents/S4/SI/trinome/Gestion-de-Note/system/Database/BaseConnection.php(555): CodeIgniter\Database\MySQLi\Connection->connect()
#2 /home/kenny/Documents/S4/SI/trinome/Gestion-de-Note/system/Database/BaseConnection.php(795): CodeIgniter\Database\BaseConnection->initialize()
#3 /home/kenny/Documents/S4/SI/trinome/Gestion-de-Note/system/Database/BaseBuilder.php(1649): CodeIgniter\Database\BaseConnection->query()
#4 /home/kenny/Documents/S4/SI/trinome/Gestion-de-Note/system/Model.php(295): CodeIgniter\Database\BaseBuilder->get()
#5 /home/kenny/Documents/S4/SI/trinome/Gestion-de-Note/system/BaseModel.php(714): CodeIgniter\Model->doFirst()
#6 /home/kenny/Documents/S4/SI/trinome/Gestion-de-Note/app/Models/UtilisateurModel.php(31): CodeIgniter\BaseModel->first()
#7 /home/kenny/Documents/S4/SI/trinome/Gestion-de-Note/app/Controllers/Auth.php(24): App\Models\UtilisateurModel->findByEmail()
#8 /home/kenny/Documents/S4/SI/trinome/Gestion-de-Note/system/CodeIgniter.php(951): App\Controllers\Auth->loginProcess()
#9 /home/kenny/Documents/S4/SI/trinome/Gestion-de-Note/system/CodeIgniter.php(497): CodeIgniter\CodeIgniter->runController()
#10 /home/kenny/Documents/S4/SI/trinome/Gestion-de-Note/system/CodeIgniter.php(340): CodeIgniter\CodeIgniter->handleRequest()
#11 /home/kenny/Documents/S4/SI/trinome/Gestion-de-Note/system/Boot.php(417): CodeIgniter\CodeIgniter->run()
#12 /home/kenny/Documents/S4/SI/trinome/Gestion-de-Note/system/Boot.php(68): CodeIgniter\Boot::runCodeIgniter()
#13 /home/kenny/Documents/S4/SI/trinome/Gestion-de-Note/public/index.php(59): CodeIgniter\Boot::bootWeb()
#14 /home/kenny/Documents/S4/SI/trinome/Gestion-de-Note/system/rewrite.php(44): require_once('...')
#15 {main}

Next CodeIgniter\Database\Exceptions\DatabaseException: No such file or directory in /home/kenny/Documents/S4/SI/trinome/Gestion-de-Note/system/Database/MySQLi/Connection.php:231
Stack trace:
#0 /home/kenny/Documents/S4/SI/trinome/Gestion-de-Note/system/Database/BaseConnection.php(555): CodeIgniter\Database\MySQLi\Connection->connect()
#1 /home/kenny/Documents/S4/SI/trinome/Gestion-de-Note/system/Database/BaseConnection.php(795): CodeIgniter\Database\BaseConnection->initialize()
#2 /home/kenny/Documents/S4/SI/trinome/Gestion-de-Note/system/Database/BaseBuilder.php(1649): CodeIgniter\Database\BaseConnection->query()
#3 /home/kenny/Documents/S4/SI/trinome/Gestion-de-Note/system/Model.php(295): CodeIgniter\Database\BaseBuilder->get()
#4 /home/kenny/Documents/S4/SI/trinome/Gestion-de-Note/system/BaseModel.php(714): CodeIgniter\Model->doFirst()
#5 /home/kenny/Documents/S4/SI/trinome/Gestion-de-Note/app/Models/UtilisateurModel.php(31): CodeIgniter\BaseModel->first()
#6 /home/kenny/Documents/S4/SI/trinome/Gestion-de-Note/app/Controllers/Auth.php(24): App\Models\UtilisateurModel->findByEmail()
#7 /home/kenny/Documents/S4/SI/trinome/Gestion-de-Note/system/CodeIgniter.php(951): App\Controllers\Auth->loginProcess()
#8 /home/kenny/Documents/S4/SI/trinome/Gestion-de-Note/system/CodeIgniter.php(497): CodeIgniter\CodeIgniter->runController()
#9 /home/kenny/Documents/S4/SI/trinome/Gestion-de-Note/system/CodeIgniter.php(340): CodeIgniter\CodeIgniter->handleRequest()
#10 /home/kenny/Documents/S4/SI/trinome/Gestion-de-Note/system/Boot.php(417): CodeIgniter\CodeIgniter->run()
#11 /home/kenny/Documents/S4/SI/trinome/Gestion-de-Note/system/Boot.php(68): CodeIgniter\Boot::runCodeIgniter()
#12 /home/kenny/Documents/S4/SI/trinome/Gestion-de-Note/public/index.php(59): CodeIgniter\Boot::bootWeb()
#13 /home/kenny/Documents/S4/SI/trinome/Gestion-de-Note/system/rewrite.php(44): require_once('...')
#14 {main}
=======
CRITICAL - 2026-04-29 07:29:20 --> CodeIgniter\View\Exceptions\ViewException: Invalid file: "notes_etudiant.html"
[Method: GET, Route: etudiants/1]
in SYSTEMPATH/Exceptions/FrameworkException.php on line 39.
 1 SYSTEMPATH/View/View.php(228): CodeIgniter\Exceptions\FrameworkException::forInvalidFile()
 2 SYSTEMPATH/Common.php(1250): CodeIgniter\View\View->render()
 3 APPPATH/Controllers/Home.php(72): view()
 4 SYSTEMPATH/CodeIgniter.php(951): App\Controllers\Home->notesEtudiant()
 5 SYSTEMPATH/CodeIgniter.php(497): CodeIgniter\CodeIgniter->runController()
 6 SYSTEMPATH/CodeIgniter.php(340): CodeIgniter\CodeIgniter->handleRequest()
 7 SYSTEMPATH/Boot.php(417): CodeIgniter\CodeIgniter->run()
 8 SYSTEMPATH/Boot.php(68): CodeIgniter\Boot::runCodeIgniter()
 9 FCPATH/index.php(59): CodeIgniter\Boot::bootWeb()
10 SYSTEMPATH/rewrite.php(44): require_once('/home/itu/Bureau/S4/SI/Gestion-de-Note/public/index.php')
CRITICAL - 2026-04-29 07:29:37 --> CodeIgniter\View\Exceptions\ViewException: Invalid file: "notes_etudiant.html"
[Method: GET, Route: etudiants/Etudiant%201]
in SYSTEMPATH/Exceptions/FrameworkException.php on line 39.
 1 SYSTEMPATH/View/View.php(228): CodeIgniter\Exceptions\FrameworkException::forInvalidFile()
 2 SYSTEMPATH/Common.php(1250): CodeIgniter\View\View->render()
 3 APPPATH/Controllers/Home.php(72): view()
 4 SYSTEMPATH/CodeIgniter.php(951): App\Controllers\Home->notesEtudiant()
 5 SYSTEMPATH/CodeIgniter.php(497): CodeIgniter\CodeIgniter->runController()
 6 SYSTEMPATH/CodeIgniter.php(340): CodeIgniter\CodeIgniter->handleRequest()
 7 SYSTEMPATH/Boot.php(417): CodeIgniter\CodeIgniter->run()
 8 SYSTEMPATH/Boot.php(68): CodeIgniter\Boot::runCodeIgniter()
 9 FCPATH/index.php(59): CodeIgniter\Boot::bootWeb()
10 SYSTEMPATH/rewrite.php(44): require_once('/home/itu/Bureau/S4/SI/Gestion-de-Note/public/index.php')
CRITICAL - 2026-04-29 07:29:48 --> CodeIgniter\View\Exceptions\ViewException: Invalid file: "notes_etudiant.html"
[Method: GET, Route: etudiants/Etudiant%201]
in SYSTEMPATH/Exceptions/FrameworkException.php on line 39.
 1 SYSTEMPATH/View/View.php(228): CodeIgniter\Exceptions\FrameworkException::forInvalidFile()
 2 SYSTEMPATH/Common.php(1250): CodeIgniter\View\View->render()
 3 APPPATH/Controllers/Home.php(72): view()
 4 SYSTEMPATH/CodeIgniter.php(951): App\Controllers\Home->notesEtudiant()
 5 SYSTEMPATH/CodeIgniter.php(497): CodeIgniter\CodeIgniter->runController()
 6 SYSTEMPATH/CodeIgniter.php(340): CodeIgniter\CodeIgniter->handleRequest()
 7 SYSTEMPATH/Boot.php(417): CodeIgniter\CodeIgniter->run()
 8 SYSTEMPATH/Boot.php(68): CodeIgniter\Boot::runCodeIgniter()
 9 FCPATH/index.php(59): CodeIgniter\Boot::bootWeb()
10 SYSTEMPATH/rewrite.php(44): require_once('/home/itu/Bureau/S4/SI/Gestion-de-Note/public/index.php')
CRITICAL - 2026-04-29 07:34:04 --> CodeIgniter\View\Exceptions\ViewException: Invalid file: "dashboard.html"
[Method: GET, Route: etudiants/1]
in SYSTEMPATH/Exceptions/FrameworkException.php on line 39.
 1 SYSTEMPATH/View/View.php(228): CodeIgniter\Exceptions\FrameworkException::forInvalidFile()
 2 SYSTEMPATH/View/View.php(256): CodeIgniter\View\View->render()
 3 SYSTEMPATH/Common.php(1250): CodeIgniter\View\View->render()
 4 APPPATH/Controllers/NotesController.php(40): view()
 5 SYSTEMPATH/CodeIgniter.php(951): App\Controllers\NotesController->show()
 6 SYSTEMPATH/CodeIgniter.php(497): CodeIgniter\CodeIgniter->runController()
 7 SYSTEMPATH/CodeIgniter.php(340): CodeIgniter\CodeIgniter->handleRequest()
 8 SYSTEMPATH/Boot.php(417): CodeIgniter\CodeIgniter->run()
 9 SYSTEMPATH/Boot.php(68): CodeIgniter\Boot::runCodeIgniter()
10 FCPATH/index.php(59): CodeIgniter\Boot::bootWeb()
11 SYSTEMPATH/rewrite.php(44): require_once('/home/itu/Bureau/S4/SI/Gestion-de-Note/public/index.php')
CRITICAL - 2026-04-29 07:35:39 --> CodeIgniter\View\Exceptions\ViewException: Invalid file: "dashboard.html"
[Method: GET, Route: etudiants/1]
in SYSTEMPATH/Exceptions/FrameworkException.php on line 39.
 1 SYSTEMPATH/View/View.php(228): CodeIgniter\Exceptions\FrameworkException::forInvalidFile()
 2 SYSTEMPATH/View/View.php(256): CodeIgniter\View\View->render()
 3 SYSTEMPATH/Common.php(1250): CodeIgniter\View\View->render()
 4 APPPATH/Controllers/NotesController.php(40): view()
 5 SYSTEMPATH/CodeIgniter.php(951): App\Controllers\NotesController->show()
 6 SYSTEMPATH/CodeIgniter.php(497): CodeIgniter\CodeIgniter->runController()
 7 SYSTEMPATH/CodeIgniter.php(340): CodeIgniter\CodeIgniter->handleRequest()
 8 SYSTEMPATH/Boot.php(417): CodeIgniter\CodeIgniter->run()
 9 SYSTEMPATH/Boot.php(68): CodeIgniter\Boot::runCodeIgniter()
10 FCPATH/index.php(59): CodeIgniter\Boot::bootWeb()
11 SYSTEMPATH/rewrite.php(44): require_once('/home/itu/Bureau/S4/SI/Gestion-de-Note/public/index.php')
CRITICAL - 2026-04-29 07:38:00 --> CodeIgniter\View\Exceptions\ViewException: Invalid file: "dashboard.html"
[Method: GET, Route: etudiants/1]
in SYSTEMPATH/Exceptions/FrameworkException.php on line 39.
 1 SYSTEMPATH/View/View.php(228): CodeIgniter\Exceptions\FrameworkException::forInvalidFile()
 2 SYSTEMPATH/View/View.php(256): CodeIgniter\View\View->render()
 3 SYSTEMPATH/Common.php(1250): CodeIgniter\View\View->render()
 4 APPPATH/Controllers/NotesController.php(40): view()
 5 SYSTEMPATH/CodeIgniter.php(951): App\Controllers\NotesController->show()
 6 SYSTEMPATH/CodeIgniter.php(497): CodeIgniter\CodeIgniter->runController()
 7 SYSTEMPATH/CodeIgniter.php(340): CodeIgniter\CodeIgniter->handleRequest()
 8 SYSTEMPATH/Boot.php(417): CodeIgniter\CodeIgniter->run()
 9 SYSTEMPATH/Boot.php(68): CodeIgniter\Boot::runCodeIgniter()
10 FCPATH/index.php(59): CodeIgniter\Boot::bootWeb()
11 SYSTEMPATH/rewrite.php(44): require_once('/home/itu/Bureau/S4/SI/Gestion-de-Note/public/index.php')
CRITICAL - 2026-04-29 07:39:05 --> CodeIgniter\View\Exceptions\ViewException: Invalid file: "dashboard.html"
[Method: GET, Route: etudiants/Etudiant%201]
in SYSTEMPATH/Exceptions/FrameworkException.php on line 39.
 1 SYSTEMPATH/View/View.php(228): CodeIgniter\Exceptions\FrameworkException::forInvalidFile()
 2 SYSTEMPATH/View/View.php(256): CodeIgniter\View\View->render()
 3 SYSTEMPATH/Common.php(1250): CodeIgniter\View\View->render()
 4 APPPATH/Controllers/NotesController.php(40): view()
 5 SYSTEMPATH/CodeIgniter.php(951): App\Controllers\NotesController->show()
 6 SYSTEMPATH/CodeIgniter.php(497): CodeIgniter\CodeIgniter->runController()
 7 SYSTEMPATH/CodeIgniter.php(340): CodeIgniter\CodeIgniter->handleRequest()
 8 SYSTEMPATH/Boot.php(417): CodeIgniter\CodeIgniter->run()
 9 SYSTEMPATH/Boot.php(68): CodeIgniter\Boot::runCodeIgniter()
10 FCPATH/index.php(59): CodeIgniter\Boot::bootWeb()
11 SYSTEMPATH/rewrite.php(44): require_once('/home/itu/Bureau/S4/SI/Gestion-de-Note/public/index.php')
CRITICAL - 2026-04-29 07:40:38 --> CodeIgniter\View\Exceptions\ViewException: Invalid file: "dashboard.html"
[Method: GET, Route: etudiants/1]
in SYSTEMPATH/Exceptions/FrameworkException.php on line 39.
 1 SYSTEMPATH/View/View.php(228): CodeIgniter\Exceptions\FrameworkException::forInvalidFile()
 2 SYSTEMPATH/View/View.php(256): CodeIgniter\View\View->render()
 3 SYSTEMPATH/Common.php(1250): CodeIgniter\View\View->render()
 4 APPPATH/Controllers/NotesController.php(46): view()
 5 SYSTEMPATH/CodeIgniter.php(951): App\Controllers\NotesController->show()
 6 SYSTEMPATH/CodeIgniter.php(497): CodeIgniter\CodeIgniter->runController()
 7 SYSTEMPATH/CodeIgniter.php(340): CodeIgniter\CodeIgniter->handleRequest()
 8 SYSTEMPATH/Boot.php(417): CodeIgniter\CodeIgniter->run()
 9 SYSTEMPATH/Boot.php(68): CodeIgniter\Boot::runCodeIgniter()
10 FCPATH/index.php(59): CodeIgniter\Boot::bootWeb()
11 SYSTEMPATH/rewrite.php(44): require_once('/home/itu/Bureau/S4/SI/Gestion-de-Note/public/index.php')
CRITICAL - 2026-04-29 07:40:39 --> CodeIgniter\View\Exceptions\ViewException: Invalid file: "dashboard.html"
[Method: GET, Route: etudiants/1]
in SYSTEMPATH/Exceptions/FrameworkException.php on line 39.
 1 SYSTEMPATH/View/View.php(228): CodeIgniter\Exceptions\FrameworkException::forInvalidFile()
 2 SYSTEMPATH/View/View.php(256): CodeIgniter\View\View->render()
 3 SYSTEMPATH/Common.php(1250): CodeIgniter\View\View->render()
 4 APPPATH/Controllers/NotesController.php(46): view()
 5 SYSTEMPATH/CodeIgniter.php(951): App\Controllers\NotesController->show()
 6 SYSTEMPATH/CodeIgniter.php(497): CodeIgniter\CodeIgniter->runController()
 7 SYSTEMPATH/CodeIgniter.php(340): CodeIgniter\CodeIgniter->handleRequest()
 8 SYSTEMPATH/Boot.php(417): CodeIgniter\CodeIgniter->run()
 9 SYSTEMPATH/Boot.php(68): CodeIgniter\Boot::runCodeIgniter()
10 FCPATH/index.php(59): CodeIgniter\Boot::bootWeb()
11 SYSTEMPATH/rewrite.php(44): require_once('/home/itu/Bureau/S4/SI/Gestion-de-Note/public/index.php')
CRITICAL - 2026-04-29 07:40:41 --> CodeIgniter\View\Exceptions\ViewException: Invalid file: "dashboard.html"
[Method: GET, Route: etudiants/1]
in SYSTEMPATH/Exceptions/FrameworkException.php on line 39.
 1 SYSTEMPATH/View/View.php(228): CodeIgniter\Exceptions\FrameworkException::forInvalidFile()
 2 SYSTEMPATH/View/View.php(256): CodeIgniter\View\View->render()
 3 SYSTEMPATH/Common.php(1250): CodeIgniter\View\View->render()
 4 APPPATH/Controllers/NotesController.php(46): view()
 5 SYSTEMPATH/CodeIgniter.php(951): App\Controllers\NotesController->show()
 6 SYSTEMPATH/CodeIgniter.php(497): CodeIgniter\CodeIgniter->runController()
 7 SYSTEMPATH/CodeIgniter.php(340): CodeIgniter\CodeIgniter->handleRequest()
 8 SYSTEMPATH/Boot.php(417): CodeIgniter\CodeIgniter->run()
 9 SYSTEMPATH/Boot.php(68): CodeIgniter\Boot::runCodeIgniter()
10 FCPATH/index.php(59): CodeIgniter\Boot::bootWeb()
11 SYSTEMPATH/rewrite.php(44): require_once('/home/itu/Bureau/S4/SI/Gestion-de-Note/public/index.php')
CRITICAL - 2026-04-29 07:58:36 --> CodeIgniter\View\Exceptions\ViewException: Invalid file: "index.php/list.php"
[Method: GET, Route: /]
in SYSTEMPATH/Exceptions/FrameworkException.php on line 39.
 1 SYSTEMPATH/View/View.php(228): CodeIgniter\Exceptions\FrameworkException::forInvalidFile()
 2 SYSTEMPATH/Common.php(1250): CodeIgniter\View\View->render()
 3 APPPATH/Controllers/Home.php(12): view()
 4 SYSTEMPATH/CodeIgniter.php(951): App\Controllers\Home->index()
 5 SYSTEMPATH/CodeIgniter.php(497): CodeIgniter\CodeIgniter->runController()
 6 SYSTEMPATH/CodeIgniter.php(340): CodeIgniter\CodeIgniter->handleRequest()
 7 SYSTEMPATH/Boot.php(417): CodeIgniter\CodeIgniter->run()
 8 SYSTEMPATH/Boot.php(68): CodeIgniter\Boot::runCodeIgniter()
 9 FCPATH/index.php(59): CodeIgniter\Boot::bootWeb()
10 SYSTEMPATH/rewrite.php(44): require_once('/home/lavi/Documents/ProjetMrRojoPlanAtrois/Gestion-de-Note/public/index.php')
CRITICAL - 2026-04-29 09:06:40 --> ErrorException: Undefined array key "nom"
[Method: GET, Route: etudiants/11]
in APPPATH/Views/notes_etudiant.php on line 18.
 1 APPPATH/Views/notes_etudiant.php(18): CodeIgniter\Debug\Exceptions->errorHandler()
 2 SYSTEMPATH/View/View.php(240): include('/home/itu/Bureau/S4/SI/Gestion-de-Note/app/Views/notes_etudiant.php')
 3 SYSTEMPATH/View/View.php(243): CodeIgniter\View\View->CodeIgniter\View\{closure}()
 4 SYSTEMPATH/Common.php(1250): CodeIgniter\View\View->render()
 5 APPPATH/Controllers/EtudiantController.php(87): view()
 6 SYSTEMPATH/CodeIgniter.php(951): App\Controllers\EtudiantController->show()
 7 SYSTEMPATH/CodeIgniter.php(497): CodeIgniter\CodeIgniter->runController()
 8 SYSTEMPATH/CodeIgniter.php(340): CodeIgniter\CodeIgniter->handleRequest()
 9 SYSTEMPATH/Boot.php(417): CodeIgniter\CodeIgniter->run()
10 SYSTEMPATH/Boot.php(68): CodeIgniter\Boot::runCodeIgniter()
11 FCPATH/index.php(59): CodeIgniter\Boot::bootWeb()
12 SYSTEMPATH/rewrite.php(44): require_once('/home/itu/Bureau/S4/SI/Gestion-de-Note/public/index.php')
CRITICAL - 2026-04-29 09:06:42 --> ErrorException: Undefined array key "nom"
[Method: GET, Route: etudiants/11]
in APPPATH/Views/notes_etudiant.php on line 18.
 1 APPPATH/Views/notes_etudiant.php(18): CodeIgniter\Debug\Exceptions->errorHandler()
 2 SYSTEMPATH/View/View.php(240): include('/home/itu/Bureau/S4/SI/Gestion-de-Note/app/Views/notes_etudiant.php')
 3 SYSTEMPATH/View/View.php(243): CodeIgniter\View\View->CodeIgniter\View\{closure}()
 4 SYSTEMPATH/Common.php(1250): CodeIgniter\View\View->render()
 5 APPPATH/Controllers/EtudiantController.php(87): view()
 6 SYSTEMPATH/CodeIgniter.php(951): App\Controllers\EtudiantController->show()
 7 SYSTEMPATH/CodeIgniter.php(497): CodeIgniter\CodeIgniter->runController()
 8 SYSTEMPATH/CodeIgniter.php(340): CodeIgniter\CodeIgniter->handleRequest()
 9 SYSTEMPATH/Boot.php(417): CodeIgniter\CodeIgniter->run()
10 SYSTEMPATH/Boot.php(68): CodeIgniter\Boot::runCodeIgniter()
11 FCPATH/index.php(59): CodeIgniter\Boot::bootWeb()
12 SYSTEMPATH/rewrite.php(44): require_once('/home/itu/Bureau/S4/SI/Gestion-de-Note/public/index.php')
>>>>>>> e7a993526fcf0f70d23c9b95016ef80b1eb5e44d
CRITICAL - 2026-04-29 09:52:36 --> CodeIgniter\Cache\Exceptions\CacheException: Cache unable to write to "/home/itu/Bureau/S4/SI/Gestion-de-Note/writable/cache/".
[Method: GET, Route: /]
in SYSTEMPATH/Cache/Handlers/FileHandler.php on line 66.
 1 SYSTEMPATH/Cache/Handlers/FileHandler.php(66): CodeIgniter\Cache\Exceptions\CacheException::forUnableToWrite()
 2 SYSTEMPATH/Cache/CacheFactory.php(67): CodeIgniter\Cache\Handlers\FileHandler->__construct()
 3 SYSTEMPATH/Config/Services.php(129): CodeIgniter\Cache\CacheFactory::getHandler()
 4 SYSTEMPATH/Config/BaseService.php(325): CodeIgniter\Config\Services::cache()
 5 SYSTEMPATH/Config/BaseService.php(264): CodeIgniter\Config\BaseService::__callStatic()
 6 SYSTEMPATH/Config/Services.php(124): CodeIgniter\Config\BaseService::getSharedInstance()
 7 SYSTEMPATH/Config/BaseService.php(334): CodeIgniter\Config\Services::cache()
 8 SYSTEMPATH/Config/BaseService.php(203): CodeIgniter\Config\BaseService::__callStatic()
 9 SYSTEMPATH/Config/Services.php(454): CodeIgniter\Config\BaseService::get()
10 SYSTEMPATH/Config/BaseService.php(325): CodeIgniter\Config\Services::responsecache()
11 SYSTEMPATH/Config/BaseService.php(264): CodeIgniter\Config\BaseService::__callStatic()
12 SYSTEMPATH/Config/Services.php(450): CodeIgniter\Config\BaseService::getSharedInstance()
13 SYSTEMPATH/Config/BaseService.php(334): CodeIgniter\Config\Services::responsecache()
14 SYSTEMPATH/CodeIgniter.php(178): CodeIgniter\Config\BaseService::__callStatic()
15 SYSTEMPATH/Config/Services.php(164): CodeIgniter\CodeIgniter->__construct()
16 SYSTEMPATH/Config/BaseService.php(325): CodeIgniter\Config\Services::codeigniter()
17 SYSTEMPATH/Config/BaseService.php(264): CodeIgniter\Config\BaseService::__callStatic()
18 SYSTEMPATH/Config/Services.php(159): CodeIgniter\Config\BaseService::getSharedInstance()
19 SYSTEMPATH/Config/BaseService.php(334): CodeIgniter\Config\Services::codeigniter()
20 SYSTEMPATH/Config/BaseService.php(203): CodeIgniter\Config\BaseService::__callStatic()
21 SYSTEMPATH/Common.php(1078): CodeIgniter\Config\BaseService::get()
22 SYSTEMPATH/Boot.php(403): service()
23 SYSTEMPATH/Boot.php(163): CodeIgniter\Boot::initializeCodeIgniter()
24 ROOTPATH/spark(87): CodeIgniter\Boot::bootSpark()
CRITICAL - 2026-04-29 09:52:40 --> CodeIgniter\Cache\Exceptions\CacheException: Cache unable to write to "/home/itu/Bureau/S4/SI/Gestion-de-Note/writable/cache/".
[Method: GET, Route: /]
in SYSTEMPATH/Cache/Handlers/FileHandler.php on line 66.
 1 SYSTEMPATH/Cache/Handlers/FileHandler.php(66): CodeIgniter\Cache\Exceptions\CacheException::forUnableToWrite()
 2 SYSTEMPATH/Cache/CacheFactory.php(67): CodeIgniter\Cache\Handlers\FileHandler->__construct()
 3 SYSTEMPATH/Config/Services.php(129): CodeIgniter\Cache\CacheFactory::getHandler()
 4 SYSTEMPATH/Config/BaseService.php(325): CodeIgniter\Config\Services::cache()
 5 SYSTEMPATH/Config/BaseService.php(264): CodeIgniter\Config\BaseService::__callStatic()
 6 SYSTEMPATH/Config/Services.php(124): CodeIgniter\Config\BaseService::getSharedInstance()
 7 SYSTEMPATH/Config/BaseService.php(334): CodeIgniter\Config\Services::cache()
 8 SYSTEMPATH/Config/BaseService.php(203): CodeIgniter\Config\BaseService::__callStatic()
 9 SYSTEMPATH/Config/Services.php(454): CodeIgniter\Config\BaseService::get()
10 SYSTEMPATH/Config/BaseService.php(325): CodeIgniter\Config\Services::responsecache()
11 SYSTEMPATH/Config/BaseService.php(264): CodeIgniter\Config\BaseService::__callStatic()
12 SYSTEMPATH/Config/Services.php(450): CodeIgniter\Config\BaseService::getSharedInstance()
13 SYSTEMPATH/Config/BaseService.php(334): CodeIgniter\Config\Services::responsecache()
14 SYSTEMPATH/CodeIgniter.php(178): CodeIgniter\Config\BaseService::__callStatic()
15 SYSTEMPATH/Config/Services.php(164): CodeIgniter\CodeIgniter->__construct()
16 SYSTEMPATH/Config/BaseService.php(325): CodeIgniter\Config\Services::codeigniter()
17 SYSTEMPATH/Config/BaseService.php(264): CodeIgniter\Config\BaseService::__callStatic()
18 SYSTEMPATH/Config/Services.php(159): CodeIgniter\Config\BaseService::getSharedInstance()
19 SYSTEMPATH/Config/BaseService.php(334): CodeIgniter\Config\Services::codeigniter()
20 SYSTEMPATH/Config/BaseService.php(203): CodeIgniter\Config\BaseService::__callStatic()
21 SYSTEMPATH/Common.php(1078): CodeIgniter\Config\BaseService::get()
22 SYSTEMPATH/Boot.php(403): service()
23 SYSTEMPATH/Boot.php(163): CodeIgniter\Boot::initializeCodeIgniter()
24 ROOTPATH/spark(87): CodeIgniter\Boot::bootSpark()
CRITICAL - 2026-04-29 09:53:29 --> CodeIgniter\Cache\Exceptions\CacheException: Cache unable to write to "/home/itu/Bureau/S4/SI/Gestion-de-Note/writable/cache/".
[Method: GET, Route: /]
in SYSTEMPATH/Cache/Handlers/FileHandler.php on line 66.
 1 SYSTEMPATH/Cache/Handlers/FileHandler.php(66): CodeIgniter\Cache\Exceptions\CacheException::forUnableToWrite()
 2 SYSTEMPATH/Cache/CacheFactory.php(67): CodeIgniter\Cache\Handlers\FileHandler->__construct()
 3 SYSTEMPATH/Config/Services.php(129): CodeIgniter\Cache\CacheFactory::getHandler()
 4 SYSTEMPATH/Config/BaseService.php(325): CodeIgniter\Config\Services::cache()
 5 SYSTEMPATH/Config/BaseService.php(264): CodeIgniter\Config\BaseService::__callStatic()
 6 SYSTEMPATH/Config/Services.php(124): CodeIgniter\Config\BaseService::getSharedInstance()
 7 SYSTEMPATH/Config/BaseService.php(334): CodeIgniter\Config\Services::cache()
 8 SYSTEMPATH/Config/BaseService.php(203): CodeIgniter\Config\BaseService::__callStatic()
 9 SYSTEMPATH/Config/Services.php(454): CodeIgniter\Config\BaseService::get()
10 SYSTEMPATH/Config/BaseService.php(325): CodeIgniter\Config\Services::responsecache()
11 SYSTEMPATH/Config/BaseService.php(264): CodeIgniter\Config\BaseService::__callStatic()
12 SYSTEMPATH/Config/Services.php(450): CodeIgniter\Config\BaseService::getSharedInstance()
13 SYSTEMPATH/Config/BaseService.php(334): CodeIgniter\Config\Services::responsecache()
14 SYSTEMPATH/CodeIgniter.php(178): CodeIgniter\Config\BaseService::__callStatic()
15 SYSTEMPATH/Config/Services.php(164): CodeIgniter\CodeIgniter->__construct()
16 SYSTEMPATH/Config/BaseService.php(325): CodeIgniter\Config\Services::codeigniter()
17 SYSTEMPATH/Config/BaseService.php(264): CodeIgniter\Config\BaseService::__callStatic()
18 SYSTEMPATH/Config/Services.php(159): CodeIgniter\Config\BaseService::getSharedInstance()
19 SYSTEMPATH/Config/BaseService.php(334): CodeIgniter\Config\Services::codeigniter()
20 SYSTEMPATH/Config/BaseService.php(203): CodeIgniter\Config\BaseService::__callStatic()
21 SYSTEMPATH/Common.php(1078): CodeIgniter\Config\BaseService::get()
22 SYSTEMPATH/Boot.php(403): service()
23 SYSTEMPATH/Boot.php(163): CodeIgniter\Boot::initializeCodeIgniter()
24 ROOTPATH/spark(87): CodeIgniter\Boot::bootSpark()
CRITICAL - 2026-04-29 09:54:05 --> CodeIgniter\Cache\Exceptions\CacheException: Cache unable to write to "/home/itu/Bureau/S4/SI/Gestion-de-Note/writable/cache/".
[Method: GET, Route: /]
in SYSTEMPATH/Cache/Handlers/FileHandler.php on line 66.
 1 SYSTEMPATH/Cache/Handlers/FileHandler.php(66): CodeIgniter\Cache\Exceptions\CacheException::forUnableToWrite()
 2 SYSTEMPATH/Cache/CacheFactory.php(67): CodeIgniter\Cache\Handlers\FileHandler->__construct()
 3 SYSTEMPATH/Config/Services.php(129): CodeIgniter\Cache\CacheFactory::getHandler()
 4 SYSTEMPATH/Config/BaseService.php(325): CodeIgniter\Config\Services::cache()
 5 SYSTEMPATH/Config/BaseService.php(264): CodeIgniter\Config\BaseService::__callStatic()
 6 SYSTEMPATH/Config/Services.php(124): CodeIgniter\Config\BaseService::getSharedInstance()
 7 SYSTEMPATH/Config/BaseService.php(334): CodeIgniter\Config\Services::cache()
 8 SYSTEMPATH/Config/BaseService.php(203): CodeIgniter\Config\BaseService::__callStatic()
 9 SYSTEMPATH/Config/Services.php(454): CodeIgniter\Config\BaseService::get()
10 SYSTEMPATH/Config/BaseService.php(325): CodeIgniter\Config\Services::responsecache()
11 SYSTEMPATH/Config/BaseService.php(264): CodeIgniter\Config\BaseService::__callStatic()
12 SYSTEMPATH/Config/Services.php(450): CodeIgniter\Config\BaseService::getSharedInstance()
13 SYSTEMPATH/Config/BaseService.php(334): CodeIgniter\Config\Services::responsecache()
14 SYSTEMPATH/CodeIgniter.php(178): CodeIgniter\Config\BaseService::__callStatic()
15 SYSTEMPATH/Config/Services.php(164): CodeIgniter\CodeIgniter->__construct()
16 SYSTEMPATH/Config/BaseService.php(325): CodeIgniter\Config\Services::codeigniter()
17 SYSTEMPATH/Config/BaseService.php(264): CodeIgniter\Config\BaseService::__callStatic()
18 SYSTEMPATH/Config/Services.php(159): CodeIgniter\Config\BaseService::getSharedInstance()
19 SYSTEMPATH/Config/BaseService.php(334): CodeIgniter\Config\Services::codeigniter()
20 SYSTEMPATH/Config/BaseService.php(203): CodeIgniter\Config\BaseService::__callStatic()
21 SYSTEMPATH/Common.php(1078): CodeIgniter\Config\BaseService::get()
22 SYSTEMPATH/Boot.php(403): service()
23 SYSTEMPATH/Boot.php(163): CodeIgniter\Boot::initializeCodeIgniter()
24 ROOTPATH/spark(87): CodeIgniter\Boot::bootSpark()
CRITICAL - 2026-04-29 09:54:10 --> CodeIgniter\Cache\Exceptions\CacheException: Cache unable to write to "/home/itu/Bureau/S4/SI/Gestion-de-Note/writable/cache/".
[Method: GET, Route: /]
in SYSTEMPATH/Cache/Handlers/FileHandler.php on line 66.
 1 SYSTEMPATH/Cache/Handlers/FileHandler.php(66): CodeIgniter\Cache\Exceptions\CacheException::forUnableToWrite()
 2 SYSTEMPATH/Cache/CacheFactory.php(67): CodeIgniter\Cache\Handlers\FileHandler->__construct()
 3 SYSTEMPATH/Config/Services.php(129): CodeIgniter\Cache\CacheFactory::getHandler()
 4 SYSTEMPATH/Config/BaseService.php(325): CodeIgniter\Config\Services::cache()
 5 SYSTEMPATH/Config/BaseService.php(264): CodeIgniter\Config\BaseService::__callStatic()
 6 SYSTEMPATH/Config/Services.php(124): CodeIgniter\Config\BaseService::getSharedInstance()
 7 SYSTEMPATH/Config/BaseService.php(334): CodeIgniter\Config\Services::cache()
 8 SYSTEMPATH/Config/BaseService.php(203): CodeIgniter\Config\BaseService::__callStatic()
 9 SYSTEMPATH/Config/Services.php(454): CodeIgniter\Config\BaseService::get()
10 SYSTEMPATH/Config/BaseService.php(325): CodeIgniter\Config\Services::responsecache()
11 SYSTEMPATH/Config/BaseService.php(264): CodeIgniter\Config\BaseService::__callStatic()
12 SYSTEMPATH/Config/Services.php(450): CodeIgniter\Config\BaseService::getSharedInstance()
13 SYSTEMPATH/Config/BaseService.php(334): CodeIgniter\Config\Services::responsecache()
14 SYSTEMPATH/CodeIgniter.php(178): CodeIgniter\Config\BaseService::__callStatic()
15 SYSTEMPATH/Config/Services.php(164): CodeIgniter\CodeIgniter->__construct()
16 SYSTEMPATH/Config/BaseService.php(325): CodeIgniter\Config\Services::codeigniter()
17 SYSTEMPATH/Config/BaseService.php(264): CodeIgniter\Config\BaseService::__callStatic()
18 SYSTEMPATH/Config/Services.php(159): CodeIgniter\Config\BaseService::getSharedInstance()
19 SYSTEMPATH/Config/BaseService.php(334): CodeIgniter\Config\Services::codeigniter()
20 SYSTEMPATH/Config/BaseService.php(203): CodeIgniter\Config\BaseService::__callStatic()
21 SYSTEMPATH/Common.php(1078): CodeIgniter\Config\BaseService::get()
22 SYSTEMPATH/Boot.php(403): service()
23 SYSTEMPATH/Boot.php(163): CodeIgniter\Boot::initializeCodeIgniter()
24 ROOTPATH/spark(87): CodeIgniter\Boot::bootSpark()
CRITICAL - 2026-04-29 09:54:21 --> CodeIgniter\Cache\Exceptions\CacheException: Cache unable to write to "/home/itu/Bureau/S4/SI/Gestion-de-Note/writable/cache/".
[Method: GET, Route: /]
in SYSTEMPATH/Cache/Handlers/FileHandler.php on line 66.
 1 SYSTEMPATH/Cache/Handlers/FileHandler.php(66): CodeIgniter\Cache\Exceptions\CacheException::forUnableToWrite()
 2 SYSTEMPATH/Cache/CacheFactory.php(67): CodeIgniter\Cache\Handlers\FileHandler->__construct()
 3 SYSTEMPATH/Config/Services.php(129): CodeIgniter\Cache\CacheFactory::getHandler()
 4 SYSTEMPATH/Config/BaseService.php(325): CodeIgniter\Config\Services::cache()
 5 SYSTEMPATH/Config/BaseService.php(264): CodeIgniter\Config\BaseService::__callStatic()
 6 SYSTEMPATH/Config/Services.php(124): CodeIgniter\Config\BaseService::getSharedInstance()
 7 SYSTEMPATH/Config/BaseService.php(334): CodeIgniter\Config\Services::cache()
 8 SYSTEMPATH/Config/BaseService.php(203): CodeIgniter\Config\BaseService::__callStatic()
 9 SYSTEMPATH/Config/Services.php(454): CodeIgniter\Config\BaseService::get()
10 SYSTEMPATH/Config/BaseService.php(325): CodeIgniter\Config\Services::responsecache()
11 SYSTEMPATH/Config/BaseService.php(264): CodeIgniter\Config\BaseService::__callStatic()
12 SYSTEMPATH/Config/Services.php(450): CodeIgniter\Config\BaseService::getSharedInstance()
13 SYSTEMPATH/Config/BaseService.php(334): CodeIgniter\Config\Services::responsecache()
14 SYSTEMPATH/CodeIgniter.php(178): CodeIgniter\Config\BaseService::__callStatic()
15 SYSTEMPATH/Config/Services.php(164): CodeIgniter\CodeIgniter->__construct()
16 SYSTEMPATH/Config/BaseService.php(325): CodeIgniter\Config\Services::codeigniter()
17 SYSTEMPATH/Config/BaseService.php(264): CodeIgniter\Config\BaseService::__callStatic()
18 SYSTEMPATH/Config/Services.php(159): CodeIgniter\Config\BaseService::getSharedInstance()
19 SYSTEMPATH/Config/BaseService.php(334): CodeIgniter\Config\Services::codeigniter()
20 SYSTEMPATH/Config/BaseService.php(203): CodeIgniter\Config\BaseService::__callStatic()
21 SYSTEMPATH/Common.php(1078): CodeIgniter\Config\BaseService::get()
22 SYSTEMPATH/Boot.php(403): service()
23 SYSTEMPATH/Boot.php(163): CodeIgniter\Boot::initializeCodeIgniter()
24 ROOTPATH/spark(87): CodeIgniter\Boot::bootSpark()
CRITICAL - 2026-04-29 09:54:41 --> CodeIgniter\Cache\Exceptions\CacheException: Cache unable to write to "/home/itu/Bureau/S4/SI/Gestion-de-Note/writable/cache/".
[Method: GET, Route: /]
in SYSTEMPATH/Cache/Handlers/FileHandler.php on line 66.
 1 SYSTEMPATH/Cache/Handlers/FileHandler.php(66): CodeIgniter\Cache\Exceptions\CacheException::forUnableToWrite()
 2 SYSTEMPATH/Cache/CacheFactory.php(67): CodeIgniter\Cache\Handlers\FileHandler->__construct()
 3 SYSTEMPATH/Config/Services.php(129): CodeIgniter\Cache\CacheFactory::getHandler()
 4 SYSTEMPATH/Config/BaseService.php(325): CodeIgniter\Config\Services::cache()
 5 SYSTEMPATH/Config/BaseService.php(264): CodeIgniter\Config\BaseService::__callStatic()
 6 SYSTEMPATH/Config/Services.php(124): CodeIgniter\Config\BaseService::getSharedInstance()
 7 SYSTEMPATH/Config/BaseService.php(334): CodeIgniter\Config\Services::cache()
 8 SYSTEMPATH/Config/BaseService.php(203): CodeIgniter\Config\BaseService::__callStatic()
 9 SYSTEMPATH/Config/Services.php(454): CodeIgniter\Config\BaseService::get()
10 SYSTEMPATH/Config/BaseService.php(325): CodeIgniter\Config\Services::responsecache()
11 SYSTEMPATH/Config/BaseService.php(264): CodeIgniter\Config\BaseService::__callStatic()
12 SYSTEMPATH/Config/Services.php(450): CodeIgniter\Config\BaseService::getSharedInstance()
13 SYSTEMPATH/Config/BaseService.php(334): CodeIgniter\Config\Services::responsecache()
14 SYSTEMPATH/CodeIgniter.php(178): CodeIgniter\Config\BaseService::__callStatic()
15 SYSTEMPATH/Config/Services.php(164): CodeIgniter\CodeIgniter->__construct()
16 SYSTEMPATH/Config/BaseService.php(325): CodeIgniter\Config\Services::codeigniter()
17 SYSTEMPATH/Config/BaseService.php(264): CodeIgniter\Config\BaseService::__callStatic()
18 SYSTEMPATH/Config/Services.php(159): CodeIgniter\Config\BaseService::getSharedInstance()
19 SYSTEMPATH/Config/BaseService.php(334): CodeIgniter\Config\Services::codeigniter()
20 SYSTEMPATH/Config/BaseService.php(203): CodeIgniter\Config\BaseService::__callStatic()
21 SYSTEMPATH/Common.php(1078): CodeIgniter\Config\BaseService::get()
22 SYSTEMPATH/Boot.php(403): service()
23 SYSTEMPATH/Boot.php(163): CodeIgniter\Boot::initializeCodeIgniter()
24 ROOTPATH/spark(87): CodeIgniter\Boot::bootSpark()
CRITICAL - 2026-04-29 09:54:42 --> CodeIgniter\Cache\Exceptions\CacheException: Cache unable to write to "/home/itu/Bureau/S4/SI/Gestion-de-Note/writable/cache/".
[Method: GET, Route: /]
in SYSTEMPATH/Cache/Handlers/FileHandler.php on line 66.
 1 SYSTEMPATH/Cache/Handlers/FileHandler.php(66): CodeIgniter\Cache\Exceptions\CacheException::forUnableToWrite()
 2 SYSTEMPATH/Cache/CacheFactory.php(67): CodeIgniter\Cache\Handlers\FileHandler->__construct()
 3 SYSTEMPATH/Config/Services.php(129): CodeIgniter\Cache\CacheFactory::getHandler()
 4 SYSTEMPATH/Config/BaseService.php(325): CodeIgniter\Config\Services::cache()
 5 SYSTEMPATH/Config/BaseService.php(264): CodeIgniter\Config\BaseService::__callStatic()
 6 SYSTEMPATH/Config/Services.php(124): CodeIgniter\Config\BaseService::getSharedInstance()
 7 SYSTEMPATH/Config/BaseService.php(334): CodeIgniter\Config\Services::cache()
 8 SYSTEMPATH/Config/BaseService.php(203): CodeIgniter\Config\BaseService::__callStatic()
 9 SYSTEMPATH/Config/Services.php(454): CodeIgniter\Config\BaseService::get()
10 SYSTEMPATH/Config/BaseService.php(325): CodeIgniter\Config\Services::responsecache()
11 SYSTEMPATH/Config/BaseService.php(264): CodeIgniter\Config\BaseService::__callStatic()
12 SYSTEMPATH/Config/Services.php(450): CodeIgniter\Config\BaseService::getSharedInstance()
13 SYSTEMPATH/Config/BaseService.php(334): CodeIgniter\Config\Services::responsecache()
14 SYSTEMPATH/CodeIgniter.php(178): CodeIgniter\Config\BaseService::__callStatic()
15 SYSTEMPATH/Config/Services.php(164): CodeIgniter\CodeIgniter->__construct()
16 SYSTEMPATH/Config/BaseService.php(325): CodeIgniter\Config\Services::codeigniter()
17 SYSTEMPATH/Config/BaseService.php(264): CodeIgniter\Config\BaseService::__callStatic()
18 SYSTEMPATH/Config/Services.php(159): CodeIgniter\Config\BaseService::getSharedInstance()
19 SYSTEMPATH/Config/BaseService.php(334): CodeIgniter\Config\Services::codeigniter()
20 SYSTEMPATH/Config/BaseService.php(203): CodeIgniter\Config\BaseService::__callStatic()
21 SYSTEMPATH/Common.php(1078): CodeIgniter\Config\BaseService::get()
22 SYSTEMPATH/Boot.php(403): service()
23 SYSTEMPATH/Boot.php(163): CodeIgniter\Boot::initializeCodeIgniter()
24 ROOTPATH/spark(87): CodeIgniter\Boot::bootSpark()
CRITICAL - 2026-04-29 09:54:42 --> CodeIgniter\Cache\Exceptions\CacheException: Cache unable to write to "/home/itu/Bureau/S4/SI/Gestion-de-Note/writable/cache/".
[Method: GET, Route: /]
in SYSTEMPATH/Cache/Handlers/FileHandler.php on line 66.
 1 SYSTEMPATH/Cache/Handlers/FileHandler.php(66): CodeIgniter\Cache\Exceptions\CacheException::forUnableToWrite()
 2 SYSTEMPATH/Cache/CacheFactory.php(67): CodeIgniter\Cache\Handlers\FileHandler->__construct()
 3 SYSTEMPATH/Config/Services.php(129): CodeIgniter\Cache\CacheFactory::getHandler()
 4 SYSTEMPATH/Config/BaseService.php(325): CodeIgniter\Config\Services::cache()
 5 SYSTEMPATH/Config/BaseService.php(264): CodeIgniter\Config\BaseService::__callStatic()
 6 SYSTEMPATH/Config/Services.php(124): CodeIgniter\Config\BaseService::getSharedInstance()
 7 SYSTEMPATH/Config/BaseService.php(334): CodeIgniter\Config\Services::cache()
 8 SYSTEMPATH/Config/BaseService.php(203): CodeIgniter\Config\BaseService::__callStatic()
 9 SYSTEMPATH/Config/Services.php(454): CodeIgniter\Config\BaseService::get()
10 SYSTEMPATH/Config/BaseService.php(325): CodeIgniter\Config\Services::responsecache()
11 SYSTEMPATH/Config/BaseService.php(264): CodeIgniter\Config\BaseService::__callStatic()
12 SYSTEMPATH/Config/Services.php(450): CodeIgniter\Config\BaseService::getSharedInstance()
13 SYSTEMPATH/Config/BaseService.php(334): CodeIgniter\Config\Services::responsecache()
14 SYSTEMPATH/CodeIgniter.php(178): CodeIgniter\Config\BaseService::__callStatic()
15 SYSTEMPATH/Config/Services.php(164): CodeIgniter\CodeIgniter->__construct()
16 SYSTEMPATH/Config/BaseService.php(325): CodeIgniter\Config\Services::codeigniter()
17 SYSTEMPATH/Config/BaseService.php(264): CodeIgniter\Config\BaseService::__callStatic()
18 SYSTEMPATH/Config/Services.php(159): CodeIgniter\Config\BaseService::getSharedInstance()
19 SYSTEMPATH/Config/BaseService.php(334): CodeIgniter\Config\Services::codeigniter()
20 SYSTEMPATH/Config/BaseService.php(203): CodeIgniter\Config\BaseService::__callStatic()
21 SYSTEMPATH/Common.php(1078): CodeIgniter\Config\BaseService::get()
22 SYSTEMPATH/Boot.php(403): service()
23 SYSTEMPATH/Boot.php(163): CodeIgniter\Boot::initializeCodeIgniter()
24 ROOTPATH/spark(87): CodeIgniter\Boot::bootSpark()
CRITICAL - 2026-04-29 09:55:35 --> CodeIgniter\Cache\Exceptions\CacheException: Cache unable to write to "/home/itu/Bureau/S4/SI/Gestion-de-Note/writable/cache/".
[Method: GET, Route: /]
in SYSTEMPATH/Cache/Handlers/FileHandler.php on line 66.
 1 SYSTEMPATH/Cache/Handlers/FileHandler.php(66): CodeIgniter\Cache\Exceptions\CacheException::forUnableToWrite()
 2 SYSTEMPATH/Cache/CacheFactory.php(67): CodeIgniter\Cache\Handlers\FileHandler->__construct()
 3 SYSTEMPATH/Config/Services.php(129): CodeIgniter\Cache\CacheFactory::getHandler()
 4 SYSTEMPATH/Config/BaseService.php(325): CodeIgniter\Config\Services::cache()
 5 SYSTEMPATH/Config/BaseService.php(264): CodeIgniter\Config\BaseService::__callStatic()
 6 SYSTEMPATH/Config/Services.php(124): CodeIgniter\Config\BaseService::getSharedInstance()
 7 SYSTEMPATH/Config/BaseService.php(334): CodeIgniter\Config\Services::cache()
 8 SYSTEMPATH/Config/BaseService.php(203): CodeIgniter\Config\BaseService::__callStatic()
 9 SYSTEMPATH/Config/Services.php(454): CodeIgniter\Config\BaseService::get()
10 SYSTEMPATH/Config/BaseService.php(325): CodeIgniter\Config\Services::responsecache()
11 SYSTEMPATH/Config/BaseService.php(264): CodeIgniter\Config\BaseService::__callStatic()
12 SYSTEMPATH/Config/Services.php(450): CodeIgniter\Config\BaseService::getSharedInstance()
13 SYSTEMPATH/Config/BaseService.php(334): CodeIgniter\Config\Services::responsecache()
14 SYSTEMPATH/CodeIgniter.php(178): CodeIgniter\Config\BaseService::__callStatic()
15 SYSTEMPATH/Config/Services.php(164): CodeIgniter\CodeIgniter->__construct()
16 SYSTEMPATH/Config/BaseService.php(325): CodeIgniter\Config\Services::codeigniter()
17 SYSTEMPATH/Config/BaseService.php(264): CodeIgniter\Config\BaseService::__callStatic()
18 SYSTEMPATH/Config/Services.php(159): CodeIgniter\Config\BaseService::getSharedInstance()
19 SYSTEMPATH/Config/BaseService.php(334): CodeIgniter\Config\Services::codeigniter()
20 SYSTEMPATH/Config/BaseService.php(203): CodeIgniter\Config\BaseService::__callStatic()
21 SYSTEMPATH/Common.php(1078): CodeIgniter\Config\BaseService::get()
22 SYSTEMPATH/Boot.php(403): service()
23 SYSTEMPATH/Boot.php(163): CodeIgniter\Boot::initializeCodeIgniter()
24 ROOTPATH/spark(87): CodeIgniter\Boot::bootSpark()
CRITICAL - 2026-04-29 09:55:35 --> CodeIgniter\Cache\Exceptions\CacheException: Cache unable to write to "/home/itu/Bureau/S4/SI/Gestion-de-Note/writable/cache/".
[Method: GET, Route: /]
in SYSTEMPATH/Cache/Handlers/FileHandler.php on line 66.
 1 SYSTEMPATH/Cache/Handlers/FileHandler.php(66): CodeIgniter\Cache\Exceptions\CacheException::forUnableToWrite()
 2 SYSTEMPATH/Cache/CacheFactory.php(67): CodeIgniter\Cache\Handlers\FileHandler->__construct()
 3 SYSTEMPATH/Config/Services.php(129): CodeIgniter\Cache\CacheFactory::getHandler()
 4 SYSTEMPATH/Config/BaseService.php(325): CodeIgniter\Config\Services::cache()
 5 SYSTEMPATH/Config/BaseService.php(264): CodeIgniter\Config\BaseService::__callStatic()
 6 SYSTEMPATH/Config/Services.php(124): CodeIgniter\Config\BaseService::getSharedInstance()
 7 SYSTEMPATH/Config/BaseService.php(334): CodeIgniter\Config\Services::cache()
 8 SYSTEMPATH/Config/BaseService.php(203): CodeIgniter\Config\BaseService::__callStatic()
 9 SYSTEMPATH/Config/Services.php(454): CodeIgniter\Config\BaseService::get()
10 SYSTEMPATH/Config/BaseService.php(325): CodeIgniter\Config\Services::responsecache()
11 SYSTEMPATH/Config/BaseService.php(264): CodeIgniter\Config\BaseService::__callStatic()
12 SYSTEMPATH/Config/Services.php(450): CodeIgniter\Config\BaseService::getSharedInstance()
13 SYSTEMPATH/Config/BaseService.php(334): CodeIgniter\Config\Services::responsecache()
14 SYSTEMPATH/CodeIgniter.php(178): CodeIgniter\Config\BaseService::__callStatic()
15 SYSTEMPATH/Config/Services.php(164): CodeIgniter\CodeIgniter->__construct()
16 SYSTEMPATH/Config/BaseService.php(325): CodeIgniter\Config\Services::codeigniter()
17 SYSTEMPATH/Config/BaseService.php(264): CodeIgniter\Config\BaseService::__callStatic()
18 SYSTEMPATH/Config/Services.php(159): CodeIgniter\Config\BaseService::getSharedInstance()
19 SYSTEMPATH/Config/BaseService.php(334): CodeIgniter\Config\Services::codeigniter()
20 SYSTEMPATH/Config/BaseService.php(203): CodeIgniter\Config\BaseService::__callStatic()
21 SYSTEMPATH/Common.php(1078): CodeIgniter\Config\BaseService::get()
22 SYSTEMPATH/Boot.php(403): service()
23 SYSTEMPATH/Boot.php(163): CodeIgniter\Boot::initializeCodeIgniter()
24 ROOTPATH/spark(87): CodeIgniter\Boot::bootSpark()
CRITICAL - 2026-04-29 09:55:49 --> CodeIgniter\Cache\Exceptions\CacheException: Cache unable to write to "/home/itu/Bureau/S4/SI/Gestion-de-Note/writable/cache/".
[Method: GET, Route: /]
in SYSTEMPATH/Cache/Handlers/FileHandler.php on line 66.
 1 SYSTEMPATH/Cache/Handlers/FileHandler.php(66): CodeIgniter\Cache\Exceptions\CacheException::forUnableToWrite()
 2 SYSTEMPATH/Cache/CacheFactory.php(67): CodeIgniter\Cache\Handlers\FileHandler->__construct()
 3 SYSTEMPATH/Config/Services.php(129): CodeIgniter\Cache\CacheFactory::getHandler()
 4 SYSTEMPATH/Config/BaseService.php(325): CodeIgniter\Config\Services::cache()
 5 SYSTEMPATH/Config/BaseService.php(264): CodeIgniter\Config\BaseService::__callStatic()
 6 SYSTEMPATH/Config/Services.php(124): CodeIgniter\Config\BaseService::getSharedInstance()
 7 SYSTEMPATH/Config/BaseService.php(334): CodeIgniter\Config\Services::cache()
 8 SYSTEMPATH/Config/BaseService.php(203): CodeIgniter\Config\BaseService::__callStatic()
 9 SYSTEMPATH/Config/Services.php(454): CodeIgniter\Config\BaseService::get()
10 SYSTEMPATH/Config/BaseService.php(325): CodeIgniter\Config\Services::responsecache()
11 SYSTEMPATH/Config/BaseService.php(264): CodeIgniter\Config\BaseService::__callStatic()
12 SYSTEMPATH/Config/Services.php(450): CodeIgniter\Config\BaseService::getSharedInstance()
13 SYSTEMPATH/Config/BaseService.php(334): CodeIgniter\Config\Services::responsecache()
14 SYSTEMPATH/CodeIgniter.php(178): CodeIgniter\Config\BaseService::__callStatic()
15 SYSTEMPATH/Config/Services.php(164): CodeIgniter\CodeIgniter->__construct()
16 SYSTEMPATH/Config/BaseService.php(325): CodeIgniter\Config\Services::codeigniter()
17 SYSTEMPATH/Config/BaseService.php(264): CodeIgniter\Config\BaseService::__callStatic()
18 SYSTEMPATH/Config/Services.php(159): CodeIgniter\Config\BaseService::getSharedInstance()
19 SYSTEMPATH/Config/BaseService.php(334): CodeIgniter\Config\Services::codeigniter()
20 SYSTEMPATH/Config/BaseService.php(203): CodeIgniter\Config\BaseService::__callStatic()
21 SYSTEMPATH/Common.php(1078): CodeIgniter\Config\BaseService::get()
22 SYSTEMPATH/Boot.php(403): service()
23 SYSTEMPATH/Boot.php(163): CodeIgniter\Boot::initializeCodeIgniter()
24 ROOTPATH/spark(87): CodeIgniter\Boot::bootSpark()
CRITICAL - 2026-04-29 09:56:09 --> CodeIgniter\Cache\Exceptions\CacheException: Cache unable to write to "/home/itu/Bureau/S4/SI/Gestion-de-Note/writable/cache/".
[Method: GET, Route: /]
in SYSTEMPATH/Cache/Handlers/FileHandler.php on line 66.
 1 SYSTEMPATH/Cache/Handlers/FileHandler.php(66): CodeIgniter\Cache\Exceptions\CacheException::forUnableToWrite()
 2 SYSTEMPATH/Cache/CacheFactory.php(67): CodeIgniter\Cache\Handlers\FileHandler->__construct()
 3 SYSTEMPATH/Config/Services.php(129): CodeIgniter\Cache\CacheFactory::getHandler()
 4 SYSTEMPATH/Config/BaseService.php(325): CodeIgniter\Config\Services::cache()
 5 SYSTEMPATH/Config/BaseService.php(264): CodeIgniter\Config\BaseService::__callStatic()
 6 SYSTEMPATH/Config/Services.php(124): CodeIgniter\Config\BaseService::getSharedInstance()
 7 SYSTEMPATH/Config/BaseService.php(334): CodeIgniter\Config\Services::cache()
 8 SYSTEMPATH/Config/BaseService.php(203): CodeIgniter\Config\BaseService::__callStatic()
 9 SYSTEMPATH/Config/Services.php(454): CodeIgniter\Config\BaseService::get()
10 SYSTEMPATH/Config/BaseService.php(325): CodeIgniter\Config\Services::responsecache()
11 SYSTEMPATH/Config/BaseService.php(264): CodeIgniter\Config\BaseService::__callStatic()
12 SYSTEMPATH/Config/Services.php(450): CodeIgniter\Config\BaseService::getSharedInstance()
13 SYSTEMPATH/Config/BaseService.php(334): CodeIgniter\Config\Services::responsecache()
14 SYSTEMPATH/CodeIgniter.php(178): CodeIgniter\Config\BaseService::__callStatic()
15 SYSTEMPATH/Config/Services.php(164): CodeIgniter\CodeIgniter->__construct()
16 SYSTEMPATH/Config/BaseService.php(325): CodeIgniter\Config\Services::codeigniter()
17 SYSTEMPATH/Config/BaseService.php(264): CodeIgniter\Config\BaseService::__callStatic()
18 SYSTEMPATH/Config/Services.php(159): CodeIgniter\Config\BaseService::getSharedInstance()
19 SYSTEMPATH/Config/BaseService.php(334): CodeIgniter\Config\Services::codeigniter()
20 SYSTEMPATH/Config/BaseService.php(203): CodeIgniter\Config\BaseService::__callStatic()
21 SYSTEMPATH/Common.php(1078): CodeIgniter\Config\BaseService::get()
22 SYSTEMPATH/Boot.php(403): service()
23 SYSTEMPATH/Boot.php(163): CodeIgniter\Boot::initializeCodeIgniter()
24 ROOTPATH/spark(87): CodeIgniter\Boot::bootSpark()
ERROR - 2026-04-29 09:57:41 --> Table 'note_db.utilisateurs' doesn't exist
in SYSTEMPATH/Database/MySQLi/Connection.php on line 300.
 1 SYSTEMPATH/Database/MySQLi/Connection.php(300): mysqli->query()
 2 SYSTEMPATH/Database/BaseConnection.php(910): CodeIgniter\Database\MySQLi\Connection->execute()
 3 SYSTEMPATH/Database/BaseConnection.php(827): CodeIgniter\Database\BaseConnection->simpleQuery()
 4 SYSTEMPATH/Database/BaseBuilder.php(1649): CodeIgniter\Database\BaseConnection->query()
 5 SYSTEMPATH/Model.php(295): CodeIgniter\Database\BaseBuilder->get()
 6 SYSTEMPATH/BaseModel.php(714): CodeIgniter\Model->doFirst()
 7 APPPATH/Models/UtilisateurModel.php(31): CodeIgniter\BaseModel->first()
 8 APPPATH/Controllers/Auth.php(24): App\Models\UtilisateurModel->findByEmail()
 9 SYSTEMPATH/CodeIgniter.php(951): App\Controllers\Auth->loginProcess()
10 SYSTEMPATH/CodeIgniter.php(497): CodeIgniter\CodeIgniter->runController()
11 SYSTEMPATH/CodeIgniter.php(340): CodeIgniter\CodeIgniter->handleRequest()
12 SYSTEMPATH/Boot.php(417): CodeIgniter\CodeIgniter->run()
13 SYSTEMPATH/Boot.php(68): CodeIgniter\Boot::runCodeIgniter()
14 FCPATH/index.php(59): CodeIgniter\Boot::bootWeb()
15 SYSTEMPATH/rewrite.php(44): require_once('/home/itu/Bureau/S4/SI/Gestion-de-Note/public/index.php')
ERROR - 2026-04-29 09:57:44 --> Table 'note_db.utilisateurs' doesn't exist
in SYSTEMPATH/Database/MySQLi/Connection.php on line 300.
 1 SYSTEMPATH/Database/MySQLi/Connection.php(300): mysqli->query()
 2 SYSTEMPATH/Database/BaseConnection.php(910): CodeIgniter\Database\MySQLi\Connection->execute()
 3 SYSTEMPATH/Database/BaseConnection.php(827): CodeIgniter\Database\BaseConnection->simpleQuery()
 4 SYSTEMPATH/Database/BaseBuilder.php(1649): CodeIgniter\Database\BaseConnection->query()
 5 SYSTEMPATH/Model.php(295): CodeIgniter\Database\BaseBuilder->get()
 6 SYSTEMPATH/BaseModel.php(714): CodeIgniter\Model->doFirst()
 7 APPPATH/Models/UtilisateurModel.php(31): CodeIgniter\BaseModel->first()
 8 APPPATH/Controllers/Auth.php(24): App\Models\UtilisateurModel->findByEmail()
 9 SYSTEMPATH/CodeIgniter.php(951): App\Controllers\Auth->loginProcess()
10 SYSTEMPATH/CodeIgniter.php(497): CodeIgniter\CodeIgniter->runController()
11 SYSTEMPATH/CodeIgniter.php(340): CodeIgniter\CodeIgniter->handleRequest()
12 SYSTEMPATH/Boot.php(417): CodeIgniter\CodeIgniter->run()
13 SYSTEMPATH/Boot.php(68): CodeIgniter\Boot::runCodeIgniter()
14 FCPATH/index.php(59): CodeIgniter\Boot::bootWeb()
15 SYSTEMPATH/rewrite.php(44): require_once('/home/itu/Bureau/S4/SI/Gestion-de-Note/public/index.php')
ERROR - 2026-04-29 09:57:46 --> Table 'note_db.utilisateurs' doesn't exist
in SYSTEMPATH/Database/MySQLi/Connection.php on line 300.
 1 SYSTEMPATH/Database/MySQLi/Connection.php(300): mysqli->query()
 2 SYSTEMPATH/Database/BaseConnection.php(910): CodeIgniter\Database\MySQLi\Connection->execute()
 3 SYSTEMPATH/Database/BaseConnection.php(827): CodeIgniter\Database\BaseConnection->simpleQuery()
 4 SYSTEMPATH/Database/BaseBuilder.php(1649): CodeIgniter\Database\BaseConnection->query()
 5 SYSTEMPATH/Model.php(295): CodeIgniter\Database\BaseBuilder->get()
 6 SYSTEMPATH/BaseModel.php(714): CodeIgniter\Model->doFirst()
 7 APPPATH/Models/UtilisateurModel.php(31): CodeIgniter\BaseModel->first()
 8 APPPATH/Controllers/Auth.php(24): App\Models\UtilisateurModel->findByEmail()
 9 SYSTEMPATH/CodeIgniter.php(951): App\Controllers\Auth->loginProcess()
10 SYSTEMPATH/CodeIgniter.php(497): CodeIgniter\CodeIgniter->runController()
11 SYSTEMPATH/CodeIgniter.php(340): CodeIgniter\CodeIgniter->handleRequest()
12 SYSTEMPATH/Boot.php(417): CodeIgniter\CodeIgniter->run()
13 SYSTEMPATH/Boot.php(68): CodeIgniter\Boot::runCodeIgniter()
14 FCPATH/index.php(59): CodeIgniter\Boot::bootWeb()
15 SYSTEMPATH/rewrite.php(44): require_once('/home/itu/Bureau/S4/SI/Gestion-de-Note/public/index.php')
ERROR - 2026-04-29 10:39:05 --> Table 'note_db.utilisateurs' doesn't exist
in SYSTEMPATH/Database/MySQLi/Connection.php on line 300.
 1 SYSTEMPATH/Database/MySQLi/Connection.php(300): mysqli->query()
 2 SYSTEMPATH/Database/BaseConnection.php(910): CodeIgniter\Database\MySQLi\Connection->execute()
 3 SYSTEMPATH/Database/BaseConnection.php(827): CodeIgniter\Database\BaseConnection->simpleQuery()
 4 SYSTEMPATH/Database/BaseBuilder.php(1649): CodeIgniter\Database\BaseConnection->query()
 5 SYSTEMPATH/Model.php(295): CodeIgniter\Database\BaseBuilder->get()
 6 SYSTEMPATH/BaseModel.php(714): CodeIgniter\Model->doFirst()
 7 APPPATH/Models/UtilisateurModel.php(31): CodeIgniter\BaseModel->first()
 8 APPPATH/Controllers/Auth.php(24): App\Models\UtilisateurModel->findByEmail()
 9 SYSTEMPATH/CodeIgniter.php(951): App\Controllers\Auth->loginProcess()
10 SYSTEMPATH/CodeIgniter.php(497): CodeIgniter\CodeIgniter->runController()
11 SYSTEMPATH/CodeIgniter.php(340): CodeIgniter\CodeIgniter->handleRequest()
12 SYSTEMPATH/Boot.php(417): CodeIgniter\CodeIgniter->run()
13 SYSTEMPATH/Boot.php(68): CodeIgniter\Boot::runCodeIgniter()
14 FCPATH/index.php(59): CodeIgniter\Boot::bootWeb()
15 SYSTEMPATH/rewrite.php(44): require_once('/home/itu/Bureau/S4/SI/Gestion-de-Note/public/index.php')
ERROR - 2026-04-29 10:39:08 --> Table 'note_db.utilisateurs' doesn't exist
in SYSTEMPATH/Database/MySQLi/Connection.php on line 300.
 1 SYSTEMPATH/Database/MySQLi/Connection.php(300): mysqli->query()
 2 SYSTEMPATH/Database/BaseConnection.php(910): CodeIgniter\Database\MySQLi\Connection->execute()
 3 SYSTEMPATH/Database/BaseConnection.php(827): CodeIgniter\Database\BaseConnection->simpleQuery()
 4 SYSTEMPATH/Database/BaseBuilder.php(1649): CodeIgniter\Database\BaseConnection->query()
 5 SYSTEMPATH/Model.php(295): CodeIgniter\Database\BaseBuilder->get()
 6 SYSTEMPATH/BaseModel.php(714): CodeIgniter\Model->doFirst()
 7 APPPATH/Models/UtilisateurModel.php(31): CodeIgniter\BaseModel->first()
 8 APPPATH/Controllers/Auth.php(24): App\Models\UtilisateurModel->findByEmail()
 9 SYSTEMPATH/CodeIgniter.php(951): App\Controllers\Auth->loginProcess()
10 SYSTEMPATH/CodeIgniter.php(497): CodeIgniter\CodeIgniter->runController()
11 SYSTEMPATH/CodeIgniter.php(340): CodeIgniter\CodeIgniter->handleRequest()
12 SYSTEMPATH/Boot.php(417): CodeIgniter\CodeIgniter->run()
13 SYSTEMPATH/Boot.php(68): CodeIgniter\Boot::runCodeIgniter()
14 FCPATH/index.php(59): CodeIgniter\Boot::bootWeb()
15 SYSTEMPATH/rewrite.php(44): require_once('/home/itu/Bureau/S4/SI/Gestion-de-Note/public/index.php')
ERROR - 2026-04-29 10:39:13 --> Table 'note_db.utilisateurs' doesn't exist
in SYSTEMPATH/Database/MySQLi/Connection.php on line 300.
 1 SYSTEMPATH/Database/MySQLi/Connection.php(300): mysqli->query()
 2 SYSTEMPATH/Database/BaseConnection.php(910): CodeIgniter\Database\MySQLi\Connection->execute()
 3 SYSTEMPATH/Database/BaseConnection.php(827): CodeIgniter\Database\BaseConnection->simpleQuery()
 4 SYSTEMPATH/Database/BaseBuilder.php(1649): CodeIgniter\Database\BaseConnection->query()
 5 SYSTEMPATH/Model.php(295): CodeIgniter\Database\BaseBuilder->get()
 6 SYSTEMPATH/BaseModel.php(714): CodeIgniter\Model->doFirst()
 7 APPPATH/Models/UtilisateurModel.php(31): CodeIgniter\BaseModel->first()
 8 APPPATH/Controllers/Auth.php(24): App\Models\UtilisateurModel->findByEmail()
 9 SYSTEMPATH/CodeIgniter.php(951): App\Controllers\Auth->loginProcess()
10 SYSTEMPATH/CodeIgniter.php(497): CodeIgniter\CodeIgniter->runController()
11 SYSTEMPATH/CodeIgniter.php(340): CodeIgniter\CodeIgniter->handleRequest()
12 SYSTEMPATH/Boot.php(417): CodeIgniter\CodeIgniter->run()
13 SYSTEMPATH/Boot.php(68): CodeIgniter\Boot::runCodeIgniter()
14 FCPATH/index.php(59): CodeIgniter\Boot::bootWeb()
15 SYSTEMPATH/rewrite.php(44): require_once('/home/itu/Bureau/S4/SI/Gestion-de-Note/public/index.php')
